\BOOKMARK [1][-]{Doc-Start}{Copyright Notice for DRAGON }{}% 1
\BOOKMARK [1][-]{Doc-Start}{Acknowledgments }{}% 2
\BOOKMARK [1][-]{section*.1}{Contents }{}% 3
\BOOKMARK [1][-]{section*.2}{List of Figures }{}% 4
\BOOKMARK [1][-]{section*.3}{List of Tables }{}% 5
\BOOKMARK [1][-]{section.0.1}{INTRODUCTION }{}% 6
\BOOKMARK [1][-]{section.0.2}{GENERAL STRUCTURE OF THE DRAGON INPUT }{}% 7
\BOOKMARK [2][-]{subsection.0.2.1}{Data organization}{section.0.2}% 8
\BOOKMARK [2][-]{subsection.0.2.2}{DRAGON Data Structure and Module Declarations}{section.0.2}% 9
\BOOKMARK [2][-]{subsection.0.2.3}{The DRAGON Modules}{section.0.2}% 10
\BOOKMARK [2][-]{subsection.0.2.4}{The Utility Modules}{section.0.2}% 11
\BOOKMARK [2][-]{subsection.0.2.5}{The DRAGON Data Structures}{section.0.2}% 12
\BOOKMARK [2][-]{subsection.0.2.6}{Main Updates in DRAGON}{section.0.2}% 13
\BOOKMARK [1][-]{section.0.3}{THE DRAGON MODULES }{}% 14
\BOOKMARK [2][-]{subsection.0.3.1}{The MAC: module}{section.0.3}% 15
\BOOKMARK [3][-]{subsubsection.0.3.1.1}{Input structure for module MAC:}{subsection.0.3.1}% 16
\BOOKMARK [3][-]{subsubsection.0.3.1.2}{Macroscopic cross section definition}{subsection.0.3.1}% 17
\BOOKMARK [3][-]{subsubsection.0.3.1.3}{Update structure for operator MAC:}{subsection.0.3.1}% 18
\BOOKMARK [2][-]{subsection.0.3.2}{The LIB: module}{section.0.3}% 19
\BOOKMARK [3][-]{subsubsection.0.3.2.1}{Data input for module LIB:}{subsection.0.3.2}% 20
\BOOKMARK [3][-]{subsubsection.0.3.2.2}{Depletion data structure}{subsection.0.3.2}% 21
\BOOKMARK [3][-]{subsubsection.0.3.2.3}{Mixture description structure}{subsection.0.3.2}% 22
\BOOKMARK [2][-]{subsection.0.3.3}{The GEO: module}{section.0.3}% 23
\BOOKMARK [3][-]{subsubsection.0.3.3.1}{Data input for module GEO:}{subsection.0.3.3}% 24
\BOOKMARK [3][-]{subsubsection.0.3.3.2}{Boundary conditions}{subsection.0.3.3}% 25
\BOOKMARK [3][-]{subsubsection.0.3.3.3}{Spatial properties of geometry}{subsection.0.3.3}% 26
\BOOKMARK [3][-]{subsubsection.0.3.3.4}{Physical properties of geometry}{subsection.0.3.3}% 27
\BOOKMARK [3][-]{subsubsection.0.3.3.5}{Double-heterogeneity}{subsection.0.3.3}% 28
\BOOKMARK [3][-]{subsubsection.0.3.3.6}{Do-it-yourself geometries}{subsection.0.3.3}% 29
\BOOKMARK [2][-]{subsection.0.3.4}{The tracking modules}{section.0.3}% 30
\BOOKMARK [3][-]{subsubsection.0.3.4.1}{The SYBILT: tracking module}{subsection.0.3.4}% 31
\BOOKMARK [3][-]{subsubsection.0.3.4.2}{The EXCELT: tracking module}{subsection.0.3.4}% 32
\BOOKMARK [3][-]{subsubsection.0.3.4.3}{The NXT: tracking module}{subsection.0.3.4}% 33
\BOOKMARK [3][-]{subsubsection.0.3.4.4}{The MCCGT: tracking module}{subsection.0.3.4}% 34
\BOOKMARK [3][-]{subsubsection.0.3.4.5}{The SNT: tracking module}{subsection.0.3.4}% 35
\BOOKMARK [3][-]{subsubsection.0.3.4.6}{The BIVACT: tracking module}{subsection.0.3.4}% 36
\BOOKMARK [3][-]{subsubsection.0.3.4.7}{The TRIVAT: tracking module}{subsection.0.3.4}% 37
\BOOKMARK [2][-]{subsection.0.3.5}{The SHI: module}{section.0.3}% 38
\BOOKMARK [3][-]{subsubsection.0.3.5.1}{Data input for module SHI:}{subsection.0.3.5}% 39
\BOOKMARK [2][-]{subsection.0.3.6}{The USS: module}{section.0.3}% 40
\BOOKMARK [3][-]{subsubsection.0.3.6.1}{Data input for module USS:}{subsection.0.3.6}% 41
\BOOKMARK [2][-]{subsection.0.3.7}{The ASM: module}{section.0.3}% 42
\BOOKMARK [3][-]{subsubsection.0.3.7.1}{Data input for module ASM:}{subsection.0.3.7}% 43
\BOOKMARK [2][-]{subsection.0.3.8}{The FLU: module}{section.0.3}% 44
\BOOKMARK [3][-]{subsubsection.0.3.8.1}{Data input for module FLU:}{subsection.0.3.8}% 45
\BOOKMARK [3][-]{subsubsection.0.3.8.2}{Leakage model specification structure}{subsection.0.3.8}% 46
\BOOKMARK [2][-]{subsection.0.3.9}{The EDI: module}{section.0.3}% 47
\BOOKMARK [3][-]{subsubsection.0.3.9.1}{Data input for module EDI:}{subsection.0.3.9}% 48
\BOOKMARK [3][-]{subsubsection.0.3.9.2}{Homogenization and condensation with the flux}{subsection.0.3.9}% 49
\BOOKMARK [3][-]{subsubsection.0.3.9.3}{Homogenization and condensation with the flux and adjoint flux}{subsection.0.3.9}% 50
\BOOKMARK [2][-]{subsection.0.3.10}{The EVO: module}{section.0.3}% 51
\BOOKMARK [3][-]{subsubsection.0.3.10.1}{Data input for module EVO:}{subsection.0.3.10}% 52
\BOOKMARK [3][-]{subsubsection.0.3.10.2}{Power normalization in EVO:}{subsection.0.3.10}% 53
\BOOKMARK [2][-]{subsection.0.3.11}{The SPH: module}{section.0.3}% 54
\BOOKMARK [3][-]{subsubsection.0.3.11.1}{Data input for module SPH:}{subsection.0.3.11}% 55
\BOOKMARK [3][-]{subsubsection.0.3.11.2}{Specification for the type of equivalence calculation}{subsection.0.3.11}% 56
\BOOKMARK [2][-]{subsection.0.3.12}{The CFC: module}{section.0.3}% 57
\BOOKMARK [3][-]{subsubsection.0.3.12.1}{Data input for module CFC:}{subsection.0.3.12}% 58
\BOOKMARK [2][-]{subsection.0.3.13}{The INFO: module}{section.0.3}% 59
\BOOKMARK [3][-]{subsubsection.0.3.13.1}{Data input for module INFO:}{subsection.0.3.13}% 60
\BOOKMARK [2][-]{subsection.0.3.14}{The COMPO: module}{section.0.3}% 61
\BOOKMARK [3][-]{subsubsection.0.3.14.1}{Initialization data input for module COMPO:}{subsection.0.3.14}% 62
\BOOKMARK [3][-]{subsubsection.0.3.14.2}{Modification data input for module COMPO:}{subsection.0.3.14}% 63
\BOOKMARK [3][-]{subsubsection.0.3.14.3}{Modification \(catenate\) data input for module COMPO:}{subsection.0.3.14}% 64
\BOOKMARK [3][-]{subsubsection.0.3.14.4}{Display data input for module COMPO:}{subsection.0.3.14}% 65
\BOOKMARK [2][-]{subsection.0.3.15}{The TLM: module}{section.0.3}% 66
\BOOKMARK [3][-]{subsubsection.0.3.15.1}{Data input for module TLM:}{subsection.0.3.15}% 67
\BOOKMARK [2][-]{subsection.0.3.16}{The M2T: module}{section.0.3}% 68
\BOOKMARK [3][-]{subsubsection.0.3.16.1}{Data input for module M2T:}{subsection.0.3.16}% 69
\BOOKMARK [2][-]{subsection.0.3.17}{The CHAB: module}{section.0.3}% 70
\BOOKMARK [3][-]{subsubsection.0.3.17.1}{Data input for module CHAB:}{subsection.0.3.17}% 71
\BOOKMARK [2][-]{subsection.0.3.18}{The CPO: module}{section.0.3}% 72
\BOOKMARK [3][-]{subsubsection.0.3.18.1}{Data input for module CPO:}{subsection.0.3.18}% 73
\BOOKMARK [2][-]{subsection.0.3.19}{The SAP: module}{section.0.3}% 74
\BOOKMARK [3][-]{subsubsection.0.3.19.1}{Initialization data input for module SAP:}{subsection.0.3.19}% 75
\BOOKMARK [3][-]{subsubsection.0.3.19.2}{Modification data input for module SAP:}{subsection.0.3.19}% 76
\BOOKMARK [3][-]{subsubsection.0.3.19.3}{Modification \(catenate\) data input for module SAP:}{subsection.0.3.19}% 77
\BOOKMARK [2][-]{subsection.0.3.20}{The MC: module}{section.0.3}% 78
\BOOKMARK [3][-]{subsubsection.0.3.20.1}{Data input for module MC:}{subsection.0.3.20}% 79
\BOOKMARK [2][-]{subsection.0.3.21}{The T: module}{section.0.3}% 80
\BOOKMARK [2][-]{subsection.0.3.22}{The DMAC: module}{section.0.3}% 81
\BOOKMARK [3][-]{subsubsection.0.3.22.1}{Data input for module DMAC:}{subsection.0.3.22}% 82
\BOOKMARK [2][-]{subsection.0.3.23}{The DREF: module}{section.0.3}% 83
\BOOKMARK [2][-]{subsection.0.3.24}{The SENS: module}{section.0.3}% 84
\BOOKMARK [3][-]{subsubsection.0.3.24.1}{Data input for module SENS:}{subsection.0.3.24}% 85
\BOOKMARK [2][-]{subsection.0.3.25}{The DUO: module}{section.0.3}% 86
\BOOKMARK [3][-]{subsubsection.0.3.25.1}{Data input for module DUO:}{subsection.0.3.25}% 87
\BOOKMARK [3][-]{subsubsection.0.3.25.2}{Theory}{subsection.0.3.25}% 88
\BOOKMARK [2][-]{subsection.0.3.26}{The S2M: module}{section.0.3}% 89
\BOOKMARK [3][-]{subsubsection.0.3.26.1}{Data input for module S2M:}{subsection.0.3.26}% 90
\BOOKMARK [2][-]{subsection.0.3.27}{The PSP: module}{section.0.3}% 91
\BOOKMARK [3][-]{subsubsection.0.3.27.1}{Data input for module PSP:}{subsection.0.3.27}% 92
\BOOKMARK [1][-]{section.0.4}{THE SALOME-RELATED MODULES }{}% 93
\BOOKMARK [2][-]{subsection.0.4.1}{The G2S: module}{section.0.4}% 94
\BOOKMARK [3][-]{subsubsection.0.4.1.1}{Data input for module G2S:}{subsection.0.4.1}% 95
\BOOKMARK [2][-]{subsection.0.4.2}{The G2MC: module}{section.0.4}% 96
\BOOKMARK [2][-]{subsection.0.4.3}{The SALT: tracking module}{section.0.4}% 97
\BOOKMARK [1][-]{section.0.5}{THE UTILITY MODULES }{}% 98
\BOOKMARK [2][-]{subsection.0.5.1}{The equality module}{section.0.5}% 99
\BOOKMARK [2][-]{subsection.0.5.2}{The UTL: module}{section.0.5}% 100
\BOOKMARK [2][-]{subsection.0.5.3}{The DELETE: module}{section.0.5}% 101
\BOOKMARK [2][-]{subsection.0.5.4}{The BACKUP: module}{section.0.5}% 102
\BOOKMARK [2][-]{subsection.0.5.5}{The RECOVER: module}{section.0.5}% 103
\BOOKMARK [2][-]{subsection.0.5.6}{The ADD: module}{section.0.5}% 104
\BOOKMARK [2][-]{subsection.0.5.7}{The MPX: module}{section.0.5}% 105
\BOOKMARK [2][-]{subsection.0.5.8}{The STAT: module}{section.0.5}% 106
\BOOKMARK [2][-]{subsection.0.5.9}{The GREP: module}{section.0.5}% 107
\BOOKMARK [2][-]{subsection.0.5.10}{The MSTR module}{section.0.5}% 108
\BOOKMARK [2][-]{subsection.0.5.11}{The FIND0: module}{section.0.5}% 109
\BOOKMARK [2][-]{subsection.0.5.12}{The ABORT: module}{section.0.5}% 110
\BOOKMARK [2][-]{subsection.0.5.13}{The END: module}{section.0.5}% 111
\BOOKMARK [1][-]{section.0.6}{THE MPI MODULES }{}% 112
\BOOKMARK [2][-]{subsection.0.6.1}{The DRVMPI: module}{section.0.6}% 113
\BOOKMARK [2][-]{subsection.0.6.2}{The SNDMPI: module}{section.0.6}% 114
\BOOKMARK [1][-]{section.0.7}{EXAMPLES }{}% 115
\BOOKMARK [2][-]{subsection.0.7.1}{Scattering cross sections}{section.0.7}% 116
\BOOKMARK [2][-]{subsection.0.7.2}{Geometries}{section.0.7}% 117
\BOOKMARK [2][-]{subsection.0.7.3}{MATXS7A microscopic cross-section examples}{section.0.7}% 118
\BOOKMARK [3][-]{subsubsection.0.7.3.1}{\(TCXA01\) \205 The Mosteller benchmark.}{subsection.0.7.3}% 119
