This is pdfTeX, Version 3.1415926-2.5-1.40.14 (TeX Live 2013/TeX Live for SUSE Linux) (format=pdflatex 2016.2.26)  4 MAY 2016 17:48
entering extended mode
 restricted \write18 enabled.
 %&-line parsing enabled.
**IGE332.tex
(./IGE332.tex
LaTeX2e <2011/06/27>
Babel <3.9f> and hyphenation patterns for 78 languages loaded.
(/usr/share/texmf/tex/latex/base/report.cls
Document Class: report 2007/10/19 v1.4h Standard LaTeX document class
(/usr/share/texmf/tex/latex/base/size10.clo
File: size10.clo 2007/10/19 v1.4h Standard LaTeX file (size option)
)
\c@part=\count79
\c@chapter=\count80
\c@section=\count81
\c@subsection=\count82
\c@subsubsection=\count83
\c@paragraph=\count84
\c@subparagraph=\count85
\c@figure=\count86
\c@table=\count87
\abovecaptionskip=\skip41
\belowcaptionskip=\skip42
\bibindent=\dimen102
) (./IGNrapport.sty
Package: IGNrapport 1998/09/18

(/usr/share/texmf/tex/latex/tools/array.sty
Package: array 2008/09/09 v2.4c Tabular extension package (FMi)
\col@sep=\dimen103
\extrarowheight=\dimen104
\NC@list=\toks14
\extratabsurround=\skip43
\backup@length=\skip44
)
(/usr/share/texmf/tex/latex/cite/cite.sty
LaTeX Info: Redefining \cite on input line 302.
LaTeX Info: Redefining \nocite on input line 373.
Package: cite 2010/09/10  v 5.3
)
(/usr/share/texmf/tex/latex/tools/indentfirst.sty
Package: indentfirst 1995/11/23 v1.03 Indent first paragraph (DPC)
)
(/usr/share/texmf/tex/latex/graphics/epsfig.sty
Package: epsfig 1999/02/16 v1.7a (e)psfig emulation (SPQR)

(/usr/share/texmf/tex/latex/graphics/graphicx.sty
Package: graphicx 1999/02/16 v1.0f Enhanced LaTeX Graphics (DPC,SPQR)

(/usr/share/texmf/tex/latex/graphics/keyval.sty
Package: keyval 1999/03/16 v1.13 key=value parser (DPC)
\KV@toks@=\toks15
)
(/usr/share/texmf/tex/latex/graphics/graphics.sty
Package: graphics 2009/02/05 v1.0o Standard LaTeX Graphics (DPC,SPQR)

(/usr/share/texmf/tex/latex/graphics/trig.sty
Package: trig 1999/03/16 v1.09 sin cos tan (DPC)
)
(/usr/share/texmf/tex/latex/latexconfig/graphics.cfg
File: graphics.cfg 2010/04/23 v1.9 graphics configuration of TeX Live
)
Package graphics Info: Driver file: pdftex.def on input line 91.

(/usr/share/texmf/tex/latex/pdftex-def/pdftex.def
File: pdftex.def 2011/05/27 v0.06d Graphics/color for pdfTeX

(/usr/share/texmf/tex/generic/oberdiek/infwarerr.sty
Package: infwarerr 2010/04/08 v1.3 Providing info/warning/error messages (HO)
)
(/usr/share/texmf/tex/generic/oberdiek/ltxcmds.sty
Package: ltxcmds 2011/11/09 v1.22 LaTeX kernel commands for general use (HO)
)
\Gread@gobject=\count88
))
\Gin@req@height=\dimen105
\Gin@req@width=\dimen106
)
\epsfxsize=\dimen107
\epsfysize=\dimen108
)
(/usr/share/texmf/tex/latex/base/fleqn.sty

LaTeX Warning: inputting `fleqn.clo' instead of obsolete `fleqn.sty'.

(/usr/share/texmf/tex/latex/base/fleqn.clo
File: fleqn.clo 1998/08/17 v1.1c Standard LaTeX option (flush left equations)
\mathindent=\dimen109
))
(/usr/share/texmf/tex/latex/hyperref/hyperref.sty
Package: hyperref 2012/11/06 v6.83m Hypertext links for LaTeX

(/usr/share/texmf/tex/generic/oberdiek/hobsub-hyperref.sty
Package: hobsub-hyperref 2012/05/28 v1.13 Bundle oberdiek, subset hyperref (HO)


(/usr/share/texmf/tex/generic/oberdiek/hobsub-generic.sty
Package: hobsub-generic 2012/05/28 v1.13 Bundle oberdiek, subset generic (HO)
Package: hobsub 2012/05/28 v1.13 Construct package bundles (HO)
Package hobsub Info: Skipping package `infwarerr' (already loaded).
Package hobsub Info: Skipping package `ltxcmds' (already loaded).
Package: ifluatex 2010/03/01 v1.3 Provides the ifluatex switch (HO)
Package ifluatex Info: LuaTeX not detected.
Package: ifvtex 2010/03/01 v1.5 Detect VTeX and its facilities (HO)
Package ifvtex Info: VTeX not detected.
Package: intcalc 2007/09/27 v1.1 Expandable calculations with integers (HO)
Package: ifpdf 2011/01/30 v2.3 Provides the ifpdf switch (HO)
Package ifpdf Info: pdfTeX in PDF mode is detected.
Package: etexcmds 2011/02/16 v1.5 Avoid name clashes with e-TeX commands (HO)
Package etexcmds Info: Could not find \expanded.
(etexcmds)             That can mean that you are not using pdfTeX 1.50 or
(etexcmds)             that some package has redefined \expanded.
(etexcmds)             In the latter case, load this package earlier.
Package: kvsetkeys 2012/04/25 v1.16 Key value parser (HO)
Package: kvdefinekeys 2011/04/07 v1.3 Define keys (HO)
Package: pdftexcmds 2011/11/29 v0.20 Utility functions of pdfTeX for LuaTeX (HO
)
Package pdftexcmds Info: LuaTeX not detected.
Package pdftexcmds Info: \pdf@primitive is available.
Package pdftexcmds Info: \pdf@ifprimitive is available.
Package pdftexcmds Info: \pdfdraftmode found.
Package: pdfescape 2011/11/25 v1.13 Implements pdfTeX's escape features (HO)
Package: bigintcalc 2012/04/08 v1.3 Expandable calculations on big integers (HO
)
Package: bitset 2011/01/30 v1.1 Handle bit-vector datatype (HO)
Package: uniquecounter 2011/01/30 v1.2 Provide unlimited unique counter (HO)
)
Package hobsub Info: Skipping package `hobsub' (already loaded).
Package: letltxmacro 2010/09/02 v1.4 Let assignment for LaTeX macros (HO)
Package: hopatch 2012/05/28 v1.2 Wrapper for package hooks (HO)
Package: xcolor-patch 2011/01/30 xcolor patch
Package: atveryend 2011/06/30 v1.8 Hooks at the very end of document (HO)
Package atveryend Info: \enddocument detected (standard20110627).
Package: atbegshi 2011/10/05 v1.16 At begin shipout hook (HO)
Package: refcount 2011/10/16 v3.4 Data extraction from label references (HO)
Package: hycolor 2011/01/30 v1.7 Color options for hyperref/bookmark (HO)
)
(/usr/share/texmf/tex/generic/ifxetex/ifxetex.sty
Package: ifxetex 2010/09/12 v0.6 Provides ifxetex conditional
)
(/usr/share/texmf/tex/latex/oberdiek/auxhook.sty
Package: auxhook 2011/03/04 v1.3 Hooks for auxiliary files (HO)
)
(/usr/share/texmf/tex/latex/oberdiek/kvoptions.sty
Package: kvoptions 2011/06/30 v3.11 Key value format for package options (HO)
)
\@linkdim=\dimen110
\Hy@linkcounter=\count89
\Hy@pagecounter=\count90

(/usr/share/texmf/tex/latex/hyperref/pd1enc.def
File: pd1enc.def 2012/11/06 v6.83m Hyperref: PDFDocEncoding definition (HO)
)
\Hy@SavedSpaceFactor=\count91

(/usr/share/texmf/tex/latex/latexconfig/hyperref.cfg
File: hyperref.cfg 2002/06/06 v1.2 hyperref configuration of TeXLive
)
Package hyperref Info: Hyper figures OFF on input line 4443.
Package hyperref Info: Link nesting OFF on input line 4448.
Package hyperref Info: Hyper index ON on input line 4451.
Package hyperref Info: Plain pages OFF on input line 4458.
Package hyperref Info: Backreferencing OFF on input line 4463.
Package hyperref Info: Implicit mode ON; LaTeX internals redefined.
Package hyperref Info: Bookmarks ON on input line 4688.
\c@Hy@tempcnt=\count92

(/usr/share/texmf/tex/latex/url/url.sty
\Urlmuskip=\muskip10
Package: url 2006/04/12  ver 3.3  Verb mode for urls, etc.
)
LaTeX Info: Redefining \url on input line 5041.
\XeTeXLinkMargin=\dimen111
\Fld@menulength=\count93
\Field@Width=\dimen112
\Fld@charsize=\dimen113
Package hyperref Info: Hyper figures OFF on input line 6295.
Package hyperref Info: Link nesting OFF on input line 6300.
Package hyperref Info: Hyper index ON on input line 6303.
Package hyperref Info: backreferencing OFF on input line 6310.
Package hyperref Info: Link coloring OFF on input line 6315.
Package hyperref Info: Link coloring with OCG OFF on input line 6320.
Package hyperref Info: PDF/A mode OFF on input line 6325.
LaTeX Info: Redefining \ref on input line 6365.
LaTeX Info: Redefining \pageref on input line 6369.
\Hy@abspage=\count94
\c@Item=\count95
\c@Hfootnote=\count96
)

Package hyperref Message: Driver (autodetected): hpdftex.

(/usr/share/texmf/tex/latex/hyperref/hpdftex.def
File: hpdftex.def 2012/11/06 v6.83m Hyperref driver for pdfTeX
\Fld@listcount=\count97
\c@bookmark@seq@number=\count98

(/usr/share/texmf/tex/latex/oberdiek/rerunfilecheck.sty
Package: rerunfilecheck 2011/04/15 v1.7 Rerun checks for auxiliary files (HO)
Package uniquecounter Info: New unique counter `rerunfilecheck' on input line 2
82.
)
\Hy@SectionHShift=\skip45
)
Package hyperref Info: Option `colorlinks' set `true' on input line 9.
\@indexfile=\write3
\openout3 = `IGE332.idx'.


Writing index file IGE332.idx
\c@nblank=\count99
) (./GuideBW.sty
Package: GuideBW 1999/09/07
 (/usr/share/texmf/tex/latex/base/ifthen.sty
Package: ifthen 2001/05/26 v1.1c Standard LaTeX ifthen package (DPC)
)
(/usr/share/texmf/tex/latex/tools/longtable.sty
Package: longtable 2004/02/01 v4.11 Multi-page Table package (DPC)
\LTleft=\skip46
\LTright=\skip47
\LTpre=\skip48
\LTpost=\skip49
\LTchunksize=\count100
\LTcapwidth=\dimen114
\LT@head=\box26
\LT@firsthead=\box27
\LT@foot=\box28
\LT@lastfoot=\box29
\LT@cols=\count101
\LT@rows=\count102
\c@LT@tables=\count103
\c@LT@chunks=\count104
\LT@p@ftn=\toks16
)
\NotationLength=\skip50
\DescriptionLength=\skip51
)
(/usr/share/texmf/tex/latex/base/makeidx.sty
Package: makeidx 2000/03/29 v1.0m Standard LaTeX package
) (./IGE332.aux)
\openout1 = `IGE332.aux'.

LaTeX Font Info:    Checking defaults for OML/cmm/m/it on input line 11.
LaTeX Font Info:    ... okay on input line 11.
LaTeX Font Info:    Checking defaults for T1/cmr/m/n on input line 11.
LaTeX Font Info:    ... okay on input line 11.
LaTeX Font Info:    Checking defaults for OT1/cmr/m/n on input line 11.
LaTeX Font Info:    ... okay on input line 11.
LaTeX Font Info:    Checking defaults for OMS/cmsy/m/n on input line 11.
LaTeX Font Info:    ... okay on input line 11.
LaTeX Font Info:    Checking defaults for OMX/cmex/m/n on input line 11.
LaTeX Font Info:    ... okay on input line 11.
LaTeX Font Info:    Checking defaults for U/cmr/m/n on input line 11.
LaTeX Font Info:    ... okay on input line 11.
LaTeX Font Info:    Checking defaults for PD1/pdf/m/n on input line 11.
LaTeX Font Info:    ... okay on input line 11.

(/usr/share/texmf/tex/context/base/supp-pdf.mkii
[Loading MPS to PDF converter (version 2006.09.02).]
\scratchcounter=\count105
\scratchdimen=\dimen115
\scratchbox=\box30
\nofMPsegments=\count106
\nofMParguments=\count107
\everyMPshowfont=\toks17
\MPscratchCnt=\count108
\MPscratchDim=\dimen116
\MPnumerator=\count109
\makeMPintoPDFobject=\count110
\everyMPtoPDFconversion=\toks18
) (/usr/share/texmf/tex/latex/oberdiek/epstopdf-base.sty
Package: epstopdf-base 2010/02/09 v2.5 Base part for package epstopdf

(/usr/share/texmf/tex/latex/oberdiek/grfext.sty
Package: grfext 2010/08/19 v1.1 Manage graphics extensions (HO)
)
Package grfext Info: Graphics extension search list:
(grfext)             [.png,.pdf,.jpg,.mps,.jpeg,.jbig2,.jb2,.PNG,.PDF,.JPG,.JPE
G,.JBIG2,.JB2,.eps]
(grfext)             \AppendGraphicsExtensions on input line 452.

(/usr/share/texmf/tex/latex/latexconfig/epstopdf-sys.cfg
File: epstopdf-sys.cfg 2010/07/13 v1.3 Configuration of (r)epstopdf for TeX Liv
e
))
\AtBeginShipoutBox=\box31

(/usr/share/texmf/tex/latex/graphics/color.sty
Package: color 2005/11/14 v1.0j Standard LaTeX Color (DPC)

(/usr/share/texmf/tex/latex/latexconfig/color.cfg
File: color.cfg 2007/01/18 v1.5 color configuration of teTeX/TeXLive
)
Package color Info: Driver file: pdftex.def on input line 130.
)
Package hyperref Info: Link coloring ON on input line 11.

(/usr/share/texmf/tex/latex/hyperref/nameref.sty
Package: nameref 2012/10/27 v2.43 Cross-referencing by name of section

(/usr/share/texmf/tex/generic/oberdiek/gettitlestring.sty
Package: gettitlestring 2010/12/03 v1.4 Cleanup title references (HO)
)
\c@section@level=\count111
)
LaTeX Info: Redefining \ref on input line 11.
LaTeX Info: Redefining \pageref on input line 11.
LaTeX Info: Redefining \nameref on input line 11.
 (./IGE332.out)
(./IGE332.out)
\@outlinefile=\write4
\openout4 = `IGE332.out'.

LaTeX Font Info:    External font `cmex10' loaded for size
(Font)              <7> on input line 19.
LaTeX Font Info:    External font `cmex10' loaded for size
(Font)              <5> on input line 19.

Underfull \hbox (badness 10000) in paragraph at lines 19--19

 []

Package epstopdf Info: Source file: <64_bit.eps>
(epstopdf)                    date: 2014-12-17 17:43:02
(epstopdf)                    size: 174986 bytes
(epstopdf)             Output file: <64_bit-eps-converted-to.pdf>
(epstopdf)                    date: 2016-05-04 17:48:34
(epstopdf)                    size: 14046 bytes
(epstopdf)             Command: <repstopdf --outfile=64_bit-eps-converted-to.pd
f 64_bit.eps>
(epstopdf)             \includegraphics on input line 19.
Package epstopdf Info: Output file is already uptodate.
<64_bit-eps-converted-to.pdf, id=578, 150.5625pt x 177.66376pt>
File: 64_bit-eps-converted-to.pdf Graphic file (type pdf)

<use 64_bit-eps-converted-to.pdf>
Package pdftex.def Info: 64_bit-eps-converted-to.pdf used on input line 19.
(pdftex.def)             Requested size: 48.22462pt x 56.9055pt.
 [1

{/usr/share/texmf/fonts/map/pdftex/updmap/pdftex.map} <./64_bit-eps-converted-t
o.pdf>] (./IGE332.toc [2


] [3])
\tf@toc=\write5
\openout5 = `IGE332.toc'.

 [4]
(./chapter1.tex
Section  1.
Package epstopdf Info: Source file: <multiphysics.eps>
(epstopdf)                    date: 2014-12-17 17:43:02
(epstopdf)                    size: 408979 bytes
(epstopdf)             Output file: <multiphysics-eps-converted-to.pdf>
(epstopdf)                    date: 2016-05-04 17:48:34
(epstopdf)                    size: 17845 bytes
(epstopdf)             Command: <repstopdf --outfile=multiphysics-eps-converted
-to.pdf multiphysics.eps>
(epstopdf)             \includegraphics on input line 12.
Package epstopdf Info: Output file is already uptodate.
<multiphysics-eps-converted-to.pdf, id=749, 425.59pt x 276.03125pt>
File: multiphysics-eps-converted-to.pdf Graphic file (type pdf)

<use multiphysics-eps-converted-to.pdf>
Package pdftex.def Info: multiphysics-eps-converted-to.pdf used on input line 1
2.
(pdftex.def)             Requested size: 256.0748pt x 166.09596pt.
LaTeX Font Info:    Try loading font information for OMS+cmr on input line 22.

(/usr/share/texmf/tex/latex/base/omscmr.fd
File: omscmr.fd 1999/05/25 v2.5h Standard LaTeX font definitions
)
LaTeX Font Info:    Font shape `OMS/cmr/m/n' in size <10> not available
(Font)              Font shape `OMS/cmsy/m/n' tried instead on input line 22.
 [1


 <./multiphysics-eps-converted-to.pdf>] [2]
Section  2.

Underfull \hbox (badness 2680) in paragraph at lines 102--104
[]|\OT1/cmr/m/n/10 recursivity level of \OT1/cmtt/m/n/10 cle2000[]c() \OT1/cmr/
m/n/10 call. We rec-om-mend to call
 []

[3

] [4]
Overfull \hbox (6.75189pt too wide) in paragraph at lines 269--269
[]                \OT1/cmtt/m/n/10 sprintf(hsmg, "ganmod: type not supported fo
r file %s", hentry[iloop1]);[] 
 []

[5] [6]
Overfull \hbox (12.00185pt too wide) in paragraph at lines 376--376
[]   \OT1/cmtt/m/n/10 strcpy(my_node->name, "MACRO1"); strcpy(my_node->OSname, 
"MACRO1"); my_node->type = 3;[] 
 []


Overfull \hbox (1.50194pt too wide) in paragraph at lines 376--376
[]   \OT1/cmtt/m/n/10 strcpy(my_node->name, "value1"); my_node->type = 12; my_n
ode->value.fval = 1.703945;[] 
 []


Overfull \hbox (1.50194pt too wide) in paragraph at lines 376--376
[]   \OT1/cmtt/m/n/10 strcpy(my_node->name, "value2"); my_node->type = 12; my_n
ode->value.fval = 1.562276;[] 
 []

[7] [8] [9] [10] [11] [12] [13]
Overfull \hbox (9.28786pt too wide) in paragraph at lines 828--830
[]\OT1/cmr/m/n/10 The free-format in-put reader of CLE-2000 is im-ple-mented us
-ing four func-tions: \OT1/cmtt/m/n/10 redopn[]c()\OT1/cmr/m/n/10 , \OT1/cmtt/m
/n/10 redget[]c()\OT1/cmr/m/n/10 ,
 []


Overfull \hbox (7.88968pt too wide) in paragraph at lines 835--837
[]\OT1/cmr/m/n/10 Function \OT1/cmtt/m/n/10 redopn[]c() \OT1/cmr/m/n/10 is call
ed to open the in-put reader. The gen-eral spec-i-fi-ca-tion of func-tion \OT1/
cmtt/m/n/10 redopn[]c()
 []

[14] [15]
Overfull \hbox (7.66742pt too wide) in paragraph at lines 962--964
[]\OT1/cmr/m/n/10 Function \OT1/cmtt/m/n/10 redcls[]c() \OT1/cmr/m/n/10 is call
ed to close the in-put reader. The gen-eral spec-i-fi-ca-tion of func-tion \OT1
/cmtt/m/n/10 redcls[]c()
 []

[16] [17]
Section  3.
[18

] [19

] [20] [21] [22] [23] [24] [25] [26] [27] [28] [29] [30] [31] [32]
Package epstopdf Info: Source file: <vect.eps>
(epstopdf)                    date: 2014-12-17 17:43:02
(epstopdf)                    size: 241611 bytes
(epstopdf)             Output file: <vect-eps-converted-to.pdf>
(epstopdf)                    date: 2016-05-04 17:48:35
(epstopdf)                    size: 17020 bytes
(epstopdf)             Command: <repstopdf --outfile=vect-eps-converted-to.pdf 
vect.eps>
(epstopdf)             \includegraphics on input line 2379.
Package epstopdf Info: Output file is already uptodate.

<vect-eps-converted-to.pdf, id=922, 371.3875pt x 231.86626pt>
File: vect-eps-converted-to.pdf Graphic file (type pdf)

<use vect-eps-converted-to.pdf>
Package pdftex.def Info: vect-eps-converted-to.pdf used on input line 2379.
(pdftex.def)             Requested size: 256.0748pt x 159.8782pt.
 [33 <./vect-eps-converted-to.pdf>] [34]
[35] [36] [37] [38] [39] [40]
Section  4.
[41

] [42] [43] [44] [45] [46] [47] [48] [49] [50] [51] [52] [53]
Package epstopdf Info: Source file: <vect.eps>
(epstopdf)                    date: 2014-12-17 17:43:02
(epstopdf)                    size: 241611 bytes
(epstopdf)             Output file: <vect-eps-converted-to.pdf>
(epstopdf)                    date: 2016-05-04 17:48:35
(epstopdf)                    size: 17020 bytes
(epstopdf)             Command: <repstopdf --outfile=vect-eps-converted-to.pdf 
vect.eps>
(epstopdf)             \includegraphics on input line 4146.
Package epstopdf Info: Output file is already uptodate.
File: vect-eps-converted-to.pdf Graphic file (type pdf)

<use vect-eps-converted-to.pdf>
Package pdftex.def Info: vect-eps-converted-to.pdf used on input line 4146.
(pdftex.def)             Requested size: 256.0748pt x 159.8782pt.
 [54] [55] [56] [57] [58] [59] [60] [61]
[62]
Overfull \hbox (3.10046pt too wide) in paragraph at lines 4896--4896
[]|\OT1/cmtt/m/n/10 IDATA[]PTR| 
 []


Overfull \hbox (3.10046pt too wide) in paragraph at lines 4918--4918
[]|\OT1/cmtt/m/n/10 IDATA[]PTR| 
 []

[63] [64]
Section  5.
[65

] [66

] [67] [68] [69] [70] [71] [72]
Underfull \hbox (badness 1281) in paragraph at lines 5630--5630
[]|\OT1/cmr/m/it/10 DOUBLE PRE-CI-
 []


Underfull \hbox (badness 1281) in paragraph at lines 5667--5667
[]|\OT1/cmr/m/it/10 DOUBLE PRE-CI-
 []

[73]) [74] (./Bibliography.tex) [75


] (./IGE332.ind [76


] [77

])
Package atveryend Info: Empty hook `BeforeClearDocument' on input line 35.
Package atveryend Info: Empty hook `AfterLastShipout' on input line 35.
 (./IGE332.aux)
Package atveryend Info: Executing hook `AtVeryEndDocument' on input line 35.
Package atveryend Info: Executing hook `AtEndAfterFileList' on input line 35.
Package rerunfilecheck Info: File `IGE332.out' has not changed.
(rerunfilecheck)             Checksum: 5E3250BAB49787A8BA0DD6E1079870A4;10989.
Package atveryend Info: Empty hook `AtVeryVeryEnd' on input line 35.
 ) 
Here is how much of TeX's memory you used:
 6037 strings out of 493315
 88431 string characters out of 6145893
 179818 words of memory out of 5000000
 9187 multiletter control sequences out of 15000+600000
 6795 words of font info for 25 fonts, out of 8000000 for 9000
 957 hyphenation exceptions out of 8191
 41i,9n,28p,458b,440s stack positions out of 5000i,500n,10000p,200000b,80000s
</usr/share/texmf/fonts/type1/public/amsfonts/cm/cmbx10.pfb></usr/share/texmf
/fonts/type1/public/amsfonts/cm/cmbx12.pfb></usr/share/texmf/fonts/type1/public
/amsfonts/cm/cmcsc10.pfb></usr/share/texmf/fonts/type1/public/amsfonts/cm/cmmi1
0.pfb></usr/share/texmf/fonts/type1/public/amsfonts/cm/cmr10.pfb></usr/share/te
xmf/fonts/type1/public/amsfonts/cm/cmr7.pfb></usr/share/texmf/fonts/type1/publi
c/amsfonts/cm/cmsl10.pfb></usr/share/texmf/fonts/type1/public/amsfonts/cm/cmsy1
0.pfb></usr/share/texmf/fonts/type1/public/amsfonts/cm/cmti10.pfb></usr/share/t
exmf/fonts/type1/public/amsfonts/cm/cmtt10.pfb></usr/share/texmf/fonts/type1/pu
blic/amsfonts/cm/cmtt9.pfb>
Output written on IGE332.pdf (81 pages, 417526 bytes).
PDF statistics:
 1328 PDF objects out of 1440 (max. 8388607)
 1212 compressed objects within 13 object streams
 235 named destinations out of 1000 (max. 500000)
 1160 words of extra memory for PDF output out of 10000 (max. 10000000)

