\BOOKMARK [1][-]{Doc-Start}{Contents }{}% 1
\BOOKMARK [1][-]{section.0.1}{The GANLIB Version 5 architecture }{}% 2
\BOOKMARK [2][-]{subsection.0.1.1}{From Versions 3 or 4 to Version 5}{section.0.1}% 3
\BOOKMARK [1][-]{section.0.2}{The ANSI C CLE-2000 API }{}% 4
\BOOKMARK [2][-]{subsection.0.2.1}{The main entry point for CLE-2000}{section.0.2}% 5
\BOOKMARK [3][-]{subsubsection.0.2.1.1}{cle2000\137c}{subsection.0.2.1}% 6
\BOOKMARK [3][-]{subsubsection.0.2.1.2}{dummod}{subsection.0.2.1}% 7
\BOOKMARK [3][-]{subsubsection.0.2.1.3}{Calling a main CLE-2000 procedure}{subsection.0.2.1}% 8
\BOOKMARK [3][-]{subsubsection.0.2.1.4}{Calling a parametrized CLE-2000 procedure}{subsection.0.2.1}% 9
\BOOKMARK [3][-]{subsubsection.0.2.1.5}{Calling a CLE-2000 procedure with in-out CLE-2000 variables}{subsection.0.2.1}% 10
\BOOKMARK [2][-]{subsection.0.2.2}{Calling a calculation module without a CLE-2000 procedure}{section.0.2}% 11
\BOOKMARK [3][-]{subsubsection.0.2.2.1}{clemod\137c}{subsection.0.2.2}% 12
\BOOKMARK [2][-]{subsection.0.2.3}{Management of the last-in-first-out \(lifo\) stack}{section.0.2}% 13
\BOOKMARK [3][-]{subsubsection.0.2.3.1}{cleopn}{subsection.0.2.3}% 14
\BOOKMARK [3][-]{subsubsection.0.2.3.2}{clepop}{subsection.0.2.3}% 15
\BOOKMARK [3][-]{subsubsection.0.2.3.3}{clepush}{subsection.0.2.3}% 16
\BOOKMARK [3][-]{subsubsection.0.2.3.4}{clecls}{subsection.0.2.3}% 17
\BOOKMARK [3][-]{subsubsection.0.2.3.5}{clenode}{subsection.0.2.3}% 18
\BOOKMARK [3][-]{subsubsection.0.2.3.6}{clepos}{subsection.0.2.3}% 19
\BOOKMARK [3][-]{subsubsection.0.2.3.7}{clelib}{subsection.0.2.3}% 20
\BOOKMARK [2][-]{subsection.0.2.4}{The free-format input reader}{section.0.2}% 21
\BOOKMARK [3][-]{subsubsection.0.2.4.1}{redopn\137c}{subsection.0.2.4}% 22
\BOOKMARK [3][-]{subsubsection.0.2.4.2}{redget\137c}{subsection.0.2.4}% 23
\BOOKMARK [3][-]{subsubsection.0.2.4.3}{redput\137c}{subsection.0.2.4}% 24
\BOOKMARK [3][-]{subsubsection.0.2.4.4}{redcls\137c}{subsection.0.2.4}% 25
\BOOKMARK [2][-]{subsection.0.2.5}{Defining built-in constants in CLE-2000}{section.0.2}% 26
\BOOKMARK [3][-]{subsubsection.0.2.5.1}{clecst}{subsection.0.2.5}% 27
\BOOKMARK [1][-]{section.0.3}{The ANSI C LCM API }{}% 28
\BOOKMARK [2][-]{subsection.0.3.1}{General utility functions}{section.0.3}% 29
\BOOKMARK [3][-]{subsubsection.0.3.1.1}{strcut\137c}{subsection.0.3.1}% 30
\BOOKMARK [3][-]{subsubsection.0.3.1.2}{strfil\137c}{subsection.0.3.1}% 31
\BOOKMARK [2][-]{subsection.0.3.2}{Opening, closing and validation of LCM objects}{section.0.3}% 32
\BOOKMARK [3][-]{subsubsection.0.3.2.1}{lcmop\137c}{subsection.0.3.2}% 33
\BOOKMARK [3][-]{subsubsection.0.3.2.2}{lcmcl\137c}{subsection.0.3.2}% 34
\BOOKMARK [3][-]{subsubsection.0.3.2.3}{lcmval\137c}{subsection.0.3.2}% 35
\BOOKMARK [2][-]{subsection.0.3.3}{Interrogation of LCM objects}{section.0.3}% 36
\BOOKMARK [3][-]{subsubsection.0.3.3.1}{lcmlen\137c}{subsection.0.3.3}% 37
\BOOKMARK [3][-]{subsubsection.0.3.3.2}{lcminf\137c}{subsection.0.3.3}% 38
\BOOKMARK [3][-]{subsubsection.0.3.3.3}{lcmnxt\137c}{subsection.0.3.3}% 39
\BOOKMARK [3][-]{subsubsection.0.3.3.4}{lcmlel\137c}{subsection.0.3.3}% 40
\BOOKMARK [2][-]{subsection.0.3.4}{Management of the array of elementary type}{section.0.3}% 41
\BOOKMARK [3][-]{subsubsection.0.3.4.1}{lcmget\137c}{subsection.0.3.4}% 42
\BOOKMARK [3][-]{subsubsection.0.3.4.2}{lcmput\137c}{subsection.0.3.4}% 43
\BOOKMARK [3][-]{subsubsection.0.3.4.3}{lcmgpd\137c}{subsection.0.3.4}% 44
\BOOKMARK [3][-]{subsubsection.0.3.4.4}{lcmppd\137c}{subsection.0.3.4}% 45
\BOOKMARK [3][-]{subsubsection.0.3.4.5}{lcmdel\137c}{subsection.0.3.4}% 46
\BOOKMARK [3][-]{subsubsection.0.3.4.6}{lcmgdl\137c}{subsection.0.3.4}% 47
\BOOKMARK [3][-]{subsubsection.0.3.4.7}{lcmpdl\137c}{subsection.0.3.4}% 48
\BOOKMARK [3][-]{subsubsection.0.3.4.8}{lcmgpl\137c}{subsection.0.3.4}% 49
\BOOKMARK [3][-]{subsubsection.0.3.4.9}{lcmppl\137c}{subsection.0.3.4}% 50
\BOOKMARK [2][-]{subsection.0.3.5}{Management of the associative tables and of the heterogeneous lists}{section.0.3}% 51
\BOOKMARK [3][-]{subsubsection.0.3.5.1}{lcmdid\137c}{subsection.0.3.5}% 52
\BOOKMARK [3][-]{subsubsection.0.3.5.2}{lcmlid\137c}{subsection.0.3.5}% 53
\BOOKMARK [3][-]{subsubsection.0.3.5.3}{lcmlil\137c}{subsection.0.3.5}% 54
\BOOKMARK [3][-]{subsubsection.0.3.5.4}{lcmdil\137c}{subsection.0.3.5}% 55
\BOOKMARK [3][-]{subsubsection.0.3.5.5}{lcmgid\137c}{subsection.0.3.5}% 56
\BOOKMARK [3][-]{subsubsection.0.3.5.6}{lcmgil\137c}{subsection.0.3.5}% 57
\BOOKMARK [3][-]{subsubsection.0.3.5.7}{lcmsix\137c}{subsection.0.3.5}% 58
\BOOKMARK [2][-]{subsection.0.3.6}{LCM utility functions}{section.0.3}% 59
\BOOKMARK [3][-]{subsubsection.0.3.6.1}{lcmlib\137c}{subsection.0.3.6}% 60
\BOOKMARK [3][-]{subsubsection.0.3.6.2}{lcmequ\137c}{subsection.0.3.6}% 61
\BOOKMARK [3][-]{subsubsection.0.3.6.3}{lcmexp\137c}{subsection.0.3.6}% 62
\BOOKMARK [2][-]{subsection.0.3.7}{Using variable-length string arrays}{section.0.3}% 63
\BOOKMARK [3][-]{subsubsection.0.3.7.1}{lcmgcd\137c}{subsection.0.3.7}% 64
\BOOKMARK [3][-]{subsubsection.0.3.7.2}{lcmpcd\137c}{subsection.0.3.7}% 65
\BOOKMARK [3][-]{subsubsection.0.3.7.3}{lcmgcl\137c}{subsection.0.3.7}% 66
\BOOKMARK [3][-]{subsubsection.0.3.7.4}{lcmpcl\137c}{subsection.0.3.7}% 67
\BOOKMARK [2][-]{subsection.0.3.8}{Dynamic allocation of the elementary blocks of data}{section.0.3}% 68
\BOOKMARK [3][-]{subsubsection.0.3.8.1}{setara\137c}{subsection.0.3.8}% 69
\BOOKMARK [3][-]{subsubsection.0.3.8.2}{rlsara\137c}{subsection.0.3.8}% 70
\BOOKMARK [2][-]{subsection.0.3.9}{Abnormal termination of the execution}{section.0.3}% 71
\BOOKMARK [3][-]{subsubsection.0.3.9.1}{xabort\137c}{subsection.0.3.9}% 72
\BOOKMARK [1][-]{section.0.4}{The ISO Fortran LCM API }{}% 73
\BOOKMARK [2][-]{subsection.0.4.1}{Opening, closing and validation of LCM objects}{section.0.4}% 74
\BOOKMARK [3][-]{subsubsection.0.4.1.1}{LCMOP}{subsection.0.4.1}% 75
\BOOKMARK [3][-]{subsubsection.0.4.1.2}{LCMCL}{subsection.0.4.1}% 76
\BOOKMARK [3][-]{subsubsection.0.4.1.3}{LCMVAL}{subsection.0.4.1}% 77
\BOOKMARK [2][-]{subsection.0.4.2}{Interrogation of LCM objects}{section.0.4}% 78
\BOOKMARK [3][-]{subsubsection.0.4.2.1}{LCMLEN}{subsection.0.4.2}% 79
\BOOKMARK [3][-]{subsubsection.0.4.2.2}{LCMINF}{subsection.0.4.2}% 80
\BOOKMARK [3][-]{subsubsection.0.4.2.3}{LCMNXT}{subsection.0.4.2}% 81
\BOOKMARK [3][-]{subsubsection.0.4.2.4}{LCMLEL}{subsection.0.4.2}% 82
\BOOKMARK [2][-]{subsection.0.4.3}{Management of the array of elementary type}{section.0.4}% 83
\BOOKMARK [3][-]{subsubsection.0.4.3.1}{LCMGET}{subsection.0.4.3}% 84
\BOOKMARK [3][-]{subsubsection.0.4.3.2}{LCMPUT}{subsection.0.4.3}% 85
\BOOKMARK [3][-]{subsubsection.0.4.3.3}{LCMGPD}{subsection.0.4.3}% 86
\BOOKMARK [3][-]{subsubsection.0.4.3.4}{LCMPPD}{subsection.0.4.3}% 87
\BOOKMARK [3][-]{subsubsection.0.4.3.5}{LCMDEL}{subsection.0.4.3}% 88
\BOOKMARK [3][-]{subsubsection.0.4.3.6}{LCMGDL}{subsection.0.4.3}% 89
\BOOKMARK [3][-]{subsubsection.0.4.3.7}{LCMPDL}{subsection.0.4.3}% 90
\BOOKMARK [3][-]{subsubsection.0.4.3.8}{LCMGPL}{subsection.0.4.3}% 91
\BOOKMARK [3][-]{subsubsection.0.4.3.9}{LCMPPL}{subsection.0.4.3}% 92
\BOOKMARK [2][-]{subsection.0.4.4}{Management of the associative tables and of the heterogeneous lists}{section.0.4}% 93
\BOOKMARK [3][-]{subsubsection.0.4.4.1}{LCMDID}{subsection.0.4.4}% 94
\BOOKMARK [3][-]{subsubsection.0.4.4.2}{LCMLID}{subsection.0.4.4}% 95
\BOOKMARK [3][-]{subsubsection.0.4.4.3}{LCMLIL}{subsection.0.4.4}% 96
\BOOKMARK [3][-]{subsubsection.0.4.4.4}{LCMDIL}{subsection.0.4.4}% 97
\BOOKMARK [3][-]{subsubsection.0.4.4.5}{LCMGID}{subsection.0.4.4}% 98
\BOOKMARK [3][-]{subsubsection.0.4.4.6}{LCMGIL}{subsection.0.4.4}% 99
\BOOKMARK [3][-]{subsubsection.0.4.4.7}{LCMSIX}{subsection.0.4.4}% 100
\BOOKMARK [2][-]{subsection.0.4.5}{LCM utility functions}{section.0.4}% 101
\BOOKMARK [3][-]{subsubsection.0.4.5.1}{LCMLIB}{subsection.0.4.5}% 102
\BOOKMARK [3][-]{subsubsection.0.4.5.2}{LCMEQU}{subsection.0.4.5}% 103
\BOOKMARK [3][-]{subsubsection.0.4.5.3}{LCMEXP}{subsection.0.4.5}% 104
\BOOKMARK [2][-]{subsection.0.4.6}{Using fixed-length character arrays}{section.0.4}% 105
\BOOKMARK [3][-]{subsubsection.0.4.6.1}{LCMGTC}{subsection.0.4.6}% 106
\BOOKMARK [3][-]{subsubsection.0.4.6.2}{LCMPTC}{subsection.0.4.6}% 107
\BOOKMARK [3][-]{subsubsection.0.4.6.3}{LCMGLC}{subsection.0.4.6}% 108
\BOOKMARK [3][-]{subsubsection.0.4.6.4}{LCMPLC}{subsection.0.4.6}% 109
\BOOKMARK [2][-]{subsection.0.4.7}{Using variable-length character arrays}{section.0.4}% 110
\BOOKMARK [3][-]{subsubsection.0.4.7.1}{LCMGCD}{subsection.0.4.7}% 111
\BOOKMARK [3][-]{subsubsection.0.4.7.2}{LCMPCD}{subsection.0.4.7}% 112
\BOOKMARK [3][-]{subsubsection.0.4.7.3}{LCMGCL}{subsection.0.4.7}% 113
\BOOKMARK [3][-]{subsubsection.0.4.7.4}{LCMPCL}{subsection.0.4.7}% 114
\BOOKMARK [2][-]{subsection.0.4.8}{Dynamic allocation of an elementary blocks of data in ANSI C}{section.0.4}% 115
\BOOKMARK [3][-]{subsubsection.0.4.8.1}{LCMARA}{subsection.0.4.8}% 116
\BOOKMARK [3][-]{subsubsection.0.4.8.2}{LCMDRD}{subsection.0.4.8}% 117
\BOOKMARK [2][-]{subsection.0.4.9}{Abnormal termination of the execution}{section.0.4}% 118
\BOOKMARK [3][-]{subsubsection.0.4.9.1}{XABORT}{subsection.0.4.9}% 119
\BOOKMARK [1][-]{section.0.5}{The ISO Fortran CLE-2000 API }{}% 120
\BOOKMARK [2][-]{subsection.0.5.1}{Management of Fortran files outside CLE-2000}{section.0.5}% 121
\BOOKMARK [3][-]{subsubsection.0.5.1.1}{KDROPN}{subsection.0.5.1}% 122
\BOOKMARK [3][-]{subsubsection.0.5.1.2}{KDRCLS}{subsection.0.5.1}% 123
\BOOKMARK [2][-]{subsection.0.5.2}{Management of word-addressable \(KDI\) files outside CLE-2000}{section.0.5}% 124
\BOOKMARK [3][-]{subsubsection.0.5.2.1}{KDIOP}{subsection.0.5.2}% 125
\BOOKMARK [3][-]{subsubsection.0.5.2.2}{KDIGET}{subsection.0.5.2}% 126
\BOOKMARK [3][-]{subsubsection.0.5.2.3}{KDIPUT}{subsection.0.5.2}% 127
\BOOKMARK [3][-]{subsubsection.0.5.2.4}{KDICL}{subsection.0.5.2}% 128
\BOOKMARK [2][-]{subsection.0.5.3}{Management of Fortran and KDI files used as CLE-2000 parameters}{section.0.5}% 129
\BOOKMARK [3][-]{subsubsection.0.5.3.1}{FILOPN}{subsection.0.5.3}% 130
\BOOKMARK [3][-]{subsubsection.0.5.3.2}{FILCLS}{subsection.0.5.3}% 131
\BOOKMARK [3][-]{subsubsection.0.5.3.3}{FILUNIT}{subsection.0.5.3}% 132
\BOOKMARK [3][-]{subsubsection.0.5.3.4}{FILKDI}{subsection.0.5.3}% 133
\BOOKMARK [2][-]{subsection.0.5.4}{The main entry point for CLE-2000}{section.0.5}% 134
\BOOKMARK [3][-]{subsubsection.0.5.4.1}{KERNEL}{subsection.0.5.4}% 135
\BOOKMARK [3][-]{subsubsection.0.5.4.2}{DUMMOD}{subsection.0.5.4}% 136
\BOOKMARK [2][-]{subsection.0.5.5}{The free-format input reader}{section.0.5}% 137
\BOOKMARK [3][-]{subsubsection.0.5.5.1}{REDOPN}{subsection.0.5.5}% 138
\BOOKMARK [3][-]{subsubsection.0.5.5.2}{REDGET}{subsection.0.5.5}% 139
\BOOKMARK [3][-]{subsubsection.0.5.5.3}{REDPUT}{subsection.0.5.5}% 140
\BOOKMARK [3][-]{subsubsection.0.5.5.4}{REDCLS}{subsection.0.5.5}% 141
\BOOKMARK [1][-]{section*.1}{References }{}% 142
\BOOKMARK [1][-]{section*.2}{Index}{}% 143
