This is pdfTeX, Version 3.1415926-2.5-1.40.14 (TeX Live 2013/TeX Live for SUSE Linux) (format=pdflatex 2016.2.26)  4 MAY 2016 17:52
entering extended mode
 restricted \write18 enabled.
 %&-line parsing enabled.
**IGE344.tex
(./IGE344.tex
LaTeX2e <2011/06/27>
Babel <3.9f> and hyphenation patterns for 78 languages loaded.
(/usr/share/texmf/tex/latex/base/report.cls
Document Class: report 2007/10/19 v1.4h Standard LaTeX document class
(/usr/share/texmf/tex/latex/base/size10.clo
File: size10.clo 2007/10/19 v1.4h Standard LaTeX file (size option)
)
\c@part=\count79
\c@chapter=\count80
\c@section=\count81
\c@subsection=\count82
\c@subsubsection=\count83
\c@paragraph=\count84
\c@subparagraph=\count85
\c@figure=\count86
\c@table=\count87
\abovecaptionskip=\skip41
\belowcaptionskip=\skip42
\bibindent=\dimen102
) (./IGNrapport.sty
Package: IGNrapport 1998/09/18

(/usr/share/texmf/tex/latex/tools/array.sty
Package: array 2008/09/09 v2.4c Tabular extension package (FMi)
\col@sep=\dimen103
\extrarowheight=\dimen104
\NC@list=\toks14
\extratabsurround=\skip43
\backup@length=\skip44
)
(/usr/share/texmf/tex/latex/cite/cite.sty
LaTeX Info: Redefining \cite on input line 302.
LaTeX Info: Redefining \nocite on input line 373.
Package: cite 2010/09/10  v 5.3
)
(/usr/share/texmf/tex/latex/tools/indentfirst.sty
Package: indentfirst 1995/11/23 v1.03 Indent first paragraph (DPC)
)
(/usr/share/texmf/tex/latex/graphics/epsfig.sty
Package: epsfig 1999/02/16 v1.7a (e)psfig emulation (SPQR)

(/usr/share/texmf/tex/latex/graphics/graphicx.sty
Package: graphicx 1999/02/16 v1.0f Enhanced LaTeX Graphics (DPC,SPQR)

(/usr/share/texmf/tex/latex/graphics/keyval.sty
Package: keyval 1999/03/16 v1.13 key=value parser (DPC)
\KV@toks@=\toks15
)
(/usr/share/texmf/tex/latex/graphics/graphics.sty
Package: graphics 2009/02/05 v1.0o Standard LaTeX Graphics (DPC,SPQR)

(/usr/share/texmf/tex/latex/graphics/trig.sty
Package: trig 1999/03/16 v1.09 sin cos tan (DPC)
)
(/usr/share/texmf/tex/latex/latexconfig/graphics.cfg
File: graphics.cfg 2010/04/23 v1.9 graphics configuration of TeX Live
)
Package graphics Info: Driver file: pdftex.def on input line 91.

(/usr/share/texmf/tex/latex/pdftex-def/pdftex.def
File: pdftex.def 2011/05/27 v0.06d Graphics/color for pdfTeX

(/usr/share/texmf/tex/generic/oberdiek/infwarerr.sty
Package: infwarerr 2010/04/08 v1.3 Providing info/warning/error messages (HO)
)
(/usr/share/texmf/tex/generic/oberdiek/ltxcmds.sty
Package: ltxcmds 2011/11/09 v1.22 LaTeX kernel commands for general use (HO)
)
\Gread@gobject=\count88
))
\Gin@req@height=\dimen105
\Gin@req@width=\dimen106
)
\epsfxsize=\dimen107
\epsfysize=\dimen108
)
(/usr/share/texmf/tex/latex/base/fleqn.sty

LaTeX Warning: inputting `fleqn.clo' instead of obsolete `fleqn.sty'.

(/usr/share/texmf/tex/latex/base/fleqn.clo
File: fleqn.clo 1998/08/17 v1.1c Standard LaTeX option (flush left equations)
\mathindent=\dimen109
))
(/usr/share/texmf/tex/latex/hyperref/hyperref.sty
Package: hyperref 2012/11/06 v6.83m Hypertext links for LaTeX

(/usr/share/texmf/tex/generic/oberdiek/hobsub-hyperref.sty
Package: hobsub-hyperref 2012/05/28 v1.13 Bundle oberdiek, subset hyperref (HO)


(/usr/share/texmf/tex/generic/oberdiek/hobsub-generic.sty
Package: hobsub-generic 2012/05/28 v1.13 Bundle oberdiek, subset generic (HO)
Package: hobsub 2012/05/28 v1.13 Construct package bundles (HO)
Package hobsub Info: Skipping package `infwarerr' (already loaded).
Package hobsub Info: Skipping package `ltxcmds' (already loaded).
Package: ifluatex 2010/03/01 v1.3 Provides the ifluatex switch (HO)
Package ifluatex Info: LuaTeX not detected.
Package: ifvtex 2010/03/01 v1.5 Detect VTeX and its facilities (HO)
Package ifvtex Info: VTeX not detected.
Package: intcalc 2007/09/27 v1.1 Expandable calculations with integers (HO)
Package: ifpdf 2011/01/30 v2.3 Provides the ifpdf switch (HO)
Package ifpdf Info: pdfTeX in PDF mode is detected.
Package: etexcmds 2011/02/16 v1.5 Avoid name clashes with e-TeX commands (HO)
Package etexcmds Info: Could not find \expanded.
(etexcmds)             That can mean that you are not using pdfTeX 1.50 or
(etexcmds)             that some package has redefined \expanded.
(etexcmds)             In the latter case, load this package earlier.
Package: kvsetkeys 2012/04/25 v1.16 Key value parser (HO)
Package: kvdefinekeys 2011/04/07 v1.3 Define keys (HO)
Package: pdftexcmds 2011/11/29 v0.20 Utility functions of pdfTeX for LuaTeX (HO
)
Package pdftexcmds Info: LuaTeX not detected.
Package pdftexcmds Info: \pdf@primitive is available.
Package pdftexcmds Info: \pdf@ifprimitive is available.
Package pdftexcmds Info: \pdfdraftmode found.
Package: pdfescape 2011/11/25 v1.13 Implements pdfTeX's escape features (HO)
Package: bigintcalc 2012/04/08 v1.3 Expandable calculations on big integers (HO
)
Package: bitset 2011/01/30 v1.1 Handle bit-vector datatype (HO)
Package: uniquecounter 2011/01/30 v1.2 Provide unlimited unique counter (HO)
)
Package hobsub Info: Skipping package `hobsub' (already loaded).
Package: letltxmacro 2010/09/02 v1.4 Let assignment for LaTeX macros (HO)
Package: hopatch 2012/05/28 v1.2 Wrapper for package hooks (HO)
Package: xcolor-patch 2011/01/30 xcolor patch
Package: atveryend 2011/06/30 v1.8 Hooks at the very end of document (HO)
Package atveryend Info: \enddocument detected (standard20110627).
Package: atbegshi 2011/10/05 v1.16 At begin shipout hook (HO)
Package: refcount 2011/10/16 v3.4 Data extraction from label references (HO)
Package: hycolor 2011/01/30 v1.7 Color options for hyperref/bookmark (HO)
)
(/usr/share/texmf/tex/generic/ifxetex/ifxetex.sty
Package: ifxetex 2010/09/12 v0.6 Provides ifxetex conditional
)
(/usr/share/texmf/tex/latex/oberdiek/auxhook.sty
Package: auxhook 2011/03/04 v1.3 Hooks for auxiliary files (HO)
)
(/usr/share/texmf/tex/latex/oberdiek/kvoptions.sty
Package: kvoptions 2011/06/30 v3.11 Key value format for package options (HO)
)
\@linkdim=\dimen110
\Hy@linkcounter=\count89
\Hy@pagecounter=\count90

(/usr/share/texmf/tex/latex/hyperref/pd1enc.def
File: pd1enc.def 2012/11/06 v6.83m Hyperref: PDFDocEncoding definition (HO)
)
\Hy@SavedSpaceFactor=\count91

(/usr/share/texmf/tex/latex/latexconfig/hyperref.cfg
File: hyperref.cfg 2002/06/06 v1.2 hyperref configuration of TeXLive
)
Package hyperref Info: Hyper figures OFF on input line 4443.
Package hyperref Info: Link nesting OFF on input line 4448.
Package hyperref Info: Hyper index ON on input line 4451.
Package hyperref Info: Plain pages OFF on input line 4458.
Package hyperref Info: Backreferencing OFF on input line 4463.
Package hyperref Info: Implicit mode ON; LaTeX internals redefined.
Package hyperref Info: Bookmarks ON on input line 4688.
\c@Hy@tempcnt=\count92

(/usr/share/texmf/tex/latex/url/url.sty
\Urlmuskip=\muskip10
Package: url 2006/04/12  ver 3.3  Verb mode for urls, etc.
)
LaTeX Info: Redefining \url on input line 5041.
\XeTeXLinkMargin=\dimen111
\Fld@menulength=\count93
\Field@Width=\dimen112
\Fld@charsize=\dimen113
Package hyperref Info: Hyper figures OFF on input line 6295.
Package hyperref Info: Link nesting OFF on input line 6300.
Package hyperref Info: Hyper index ON on input line 6303.
Package hyperref Info: backreferencing OFF on input line 6310.
Package hyperref Info: Link coloring OFF on input line 6315.
Package hyperref Info: Link coloring with OCG OFF on input line 6320.
Package hyperref Info: PDF/A mode OFF on input line 6325.
LaTeX Info: Redefining \ref on input line 6365.
LaTeX Info: Redefining \pageref on input line 6369.
\Hy@abspage=\count94
\c@Item=\count95
\c@Hfootnote=\count96
)

Package hyperref Message: Driver (autodetected): hpdftex.

(/usr/share/texmf/tex/latex/hyperref/hpdftex.def
File: hpdftex.def 2012/11/06 v6.83m Hyperref driver for pdfTeX
\Fld@listcount=\count97
\c@bookmark@seq@number=\count98

(/usr/share/texmf/tex/latex/oberdiek/rerunfilecheck.sty
Package: rerunfilecheck 2011/04/15 v1.7 Rerun checks for auxiliary files (HO)
Package uniquecounter Info: New unique counter `rerunfilecheck' on input line 2
82.
)
\Hy@SectionHShift=\skip45
)
Package hyperref Info: Option `colorlinks' set `true' on input line 9.
\@indexfile=\write3
\openout3 = `IGE344.idx'.


Writing index file IGE344.idx
\c@nblank=\count99
) (./GuideBW.sty
Package: GuideBW 1999/09/07
 (/usr/share/texmf/tex/latex/base/ifthen.sty
Package: ifthen 2001/05/26 v1.1c Standard LaTeX ifthen package (DPC)
)
(/usr/share/texmf/tex/latex/tools/longtable.sty
Package: longtable 2004/02/01 v4.11 Multi-page Table package (DPC)
\LTleft=\skip46
\LTright=\skip47
\LTpre=\skip48
\LTpost=\skip49
\LTchunksize=\count100
\LTcapwidth=\dimen114
\LT@head=\box26
\LT@firsthead=\box27
\LT@foot=\box28
\LT@lastfoot=\box29
\LT@cols=\count101
\LT@rows=\count102
\c@LT@tables=\count103
\c@LT@chunks=\count104
\LT@p@ftn=\toks16
)
\NotationLength=\skip50
\DescriptionLength=\skip51
)
(/usr/share/texmf/tex/latex/base/makeidx.sty
Package: makeidx 2000/03/29 v1.0m Standard LaTeX package
)
(/usr/share/texmf/tex/latex/tools/multicol.sty
Package: multicol 2011/06/27 v1.7a multicolumn formatting (FMi)
\c@tracingmulticols=\count105
\mult@box=\box30
\multicol@leftmargin=\dimen115
\c@unbalance=\count106
\c@collectmore=\count107
\doublecol@number=\count108
\multicoltolerance=\count109
\multicolpretolerance=\count110
\full@width=\dimen116
\page@free=\dimen117
\premulticols=\dimen118
\postmulticols=\dimen119
\multicolsep=\skip52
\multicolbaselineskip=\skip53
\partial@page=\box31
\last@line=\box32
\mult@rightbox=\box33
\mult@grightbox=\box34
\mult@gfirstbox=\box35
\mult@firstbox=\box36
\@tempa=\box37
\@tempa=\box38
\@tempa=\box39
\@tempa=\box40
\@tempa=\box41
\@tempa=\box42
\@tempa=\box43
\@tempa=\box44
\@tempa=\box45
\@tempa=\box46
\@tempa=\box47
\@tempa=\box48
\@tempa=\box49
\@tempa=\box50
\@tempa=\box51
\@tempa=\box52
\@tempa=\box53
\c@columnbadness=\count111
\c@finalcolumnbadness=\count112
\last@try=\dimen120
\multicolovershoot=\dimen121
\multicolundershoot=\dimen122
\mult@nat@firstbox=\box54
\colbreak@box=\box55
\multicol@sort@counter=\count113
)
(/usr/share/texmf/tex/latex/supertabular/supertabular.sty
Package: supertabular 2004/02/20 v4.1e the supertabular environment
\c@tracingst=\count114
\ST@wd=\dimen123
\ST@rightskip=\skip54
\ST@leftskip=\skip55
\ST@parfillskip=\skip56
\ST@pageleft=\dimen124
\ST@headht=\dimen125
\ST@tailht=\dimen126
\ST@pagesofar=\dimen127
\ST@pboxht=\dimen128
\ST@lineht=\dimen129
\ST@stretchht=\dimen130
\ST@prevht=\dimen131
\ST@toadd=\dimen132
\ST@dimen=\dimen133
\ST@pbox=\box56
)
No file IGE344.aux.
\openout1 = `IGE344.aux'.

LaTeX Font Info:    Checking defaults for OML/cmm/m/it on input line 23.
LaTeX Font Info:    ... okay on input line 23.
LaTeX Font Info:    Checking defaults for T1/cmr/m/n on input line 23.
LaTeX Font Info:    ... okay on input line 23.
LaTeX Font Info:    Checking defaults for OT1/cmr/m/n on input line 23.
LaTeX Font Info:    ... okay on input line 23.
LaTeX Font Info:    Checking defaults for OMS/cmsy/m/n on input line 23.
LaTeX Font Info:    ... okay on input line 23.
LaTeX Font Info:    Checking defaults for OMX/cmex/m/n on input line 23.
LaTeX Font Info:    ... okay on input line 23.
LaTeX Font Info:    Checking defaults for U/cmr/m/n on input line 23.
LaTeX Font Info:    ... okay on input line 23.
LaTeX Font Info:    Checking defaults for PD1/pdf/m/n on input line 23.
LaTeX Font Info:    ... okay on input line 23.
(/usr/share/texmf/tex/context/base/supp-pdf.mkii
[Loading MPS to PDF converter (version 2006.09.02).]
\scratchcounter=\count115
\scratchdimen=\dimen134
\scratchbox=\box57
\nofMPsegments=\count116
\nofMParguments=\count117
\everyMPshowfont=\toks17
\MPscratchCnt=\count118
\MPscratchDim=\dimen135
\MPnumerator=\count119
\makeMPintoPDFobject=\count120
\everyMPtoPDFconversion=\toks18
) (/usr/share/texmf/tex/latex/oberdiek/epstopdf-base.sty
Package: epstopdf-base 2010/02/09 v2.5 Base part for package epstopdf

(/usr/share/texmf/tex/latex/oberdiek/grfext.sty
Package: grfext 2010/08/19 v1.1 Manage graphics extensions (HO)
)
Package grfext Info: Graphics extension search list:
(grfext)             [.png,.pdf,.jpg,.mps,.jpeg,.jbig2,.jb2,.PNG,.PDF,.JPG,.JPE
G,.JBIG2,.JB2,.eps]
(grfext)             \AppendGraphicsExtensions on input line 452.

(/usr/share/texmf/tex/latex/latexconfig/epstopdf-sys.cfg
File: epstopdf-sys.cfg 2010/07/13 v1.3 Configuration of (r)epstopdf for TeX Liv
e
))
\AtBeginShipoutBox=\box58

(/usr/share/texmf/tex/latex/graphics/color.sty
Package: color 2005/11/14 v1.0j Standard LaTeX Color (DPC)

(/usr/share/texmf/tex/latex/latexconfig/color.cfg
File: color.cfg 2007/01/18 v1.5 color configuration of teTeX/TeXLive
)
Package color Info: Driver file: pdftex.def on input line 130.
)
Package hyperref Info: Link coloring ON on input line 23.

(/usr/share/texmf/tex/latex/hyperref/nameref.sty
Package: nameref 2012/10/27 v2.43 Cross-referencing by name of section

(/usr/share/texmf/tex/generic/oberdiek/gettitlestring.sty
Package: gettitlestring 2010/12/03 v1.4 Cleanup title references (HO)
)
\c@section@level=\count121
)
LaTeX Info: Redefining \ref on input line 23.
LaTeX Info: Redefining \pageref on input line 23.
LaTeX Info: Redefining \nameref on input line 23.
\@outlinefile=\write4
\openout4 = `IGE344.out'.

LaTeX Font Info:    External font `cmex10' loaded for size
(Font)              <7> on input line 31.
LaTeX Font Info:    External font `cmex10' loaded for size
(Font)              <5> on input line 31.

Underfull \hbox (badness 10000) in paragraph at lines 31--31

 []

Package epstopdf Info: Source file: <64_bit.eps>
(epstopdf)                    date: 2014-12-17 17:43:02
(epstopdf)                    size: 174986 bytes
(epstopdf)             Output file: <64_bit-eps-converted-to.pdf>
(epstopdf)             Command: <repstopdf --outfile=64_bit-eps-converted-to.pd
f 64_bit.eps>
(epstopdf)             \includegraphics on input line 31.
runsystem(repstopdf --outfile=64_bit-eps-converted-to.pdf 64_bit.eps)...execute
d safely (allowed).

Package epstopdf Info: Result file: <64_bit-eps-converted-to.pdf>
(epstopdf)                    date: 2016-05-04 17:52:54
(epstopdf)                    size: 14046 bytes.
<64_bit-eps-converted-to.pdf, id=4, 150.5625pt x 177.66376pt>
File: 64_bit-eps-converted-to.pdf Graphic file (type pdf)

<use 64_bit-eps-converted-to.pdf>
Package pdftex.def Info: 64_bit-eps-converted-to.pdf used on input line 31.
(pdftex.def)             Requested size: 48.22462pt x 56.9055pt.
 [1

{/usr/share/texmf/fonts/map/pdftex/updmap/pdftex.map} <./64_bit-eps-converted-t
o.pdf>]
\tf@toc=\write5
\openout5 = `IGE344.toc'.

 [2



]
\tf@lot=\write6
\openout6 = `IGE344.lot'.

 [3


]
\tf@lof=\write7
\openout7 = `IGE344.lof'.

 [4


] (./Intro.tex
Section  1.

LaTeX Warning: Citation `PIP2009' on page 1 undefined on input line 4.


LaTeX Warning: Citation `v4' on page 1 undefined on input line 9.


LaTeX Warning: Citation `gan1' on page 1 undefined on input line 9.


LaTeX Warning: Citation `ganlib5' on page 1 undefined on input line 11.


LaTeX Warning: Citation `dragon' on page 1 undefined on input line 14.


LaTeX Warning: Citation `trivac' on page 1 undefined on input line 14.


LaTeX Warning: Citation `ah1' on page 1 undefined on input line 20.


LaTeX Warning: Citation `ah2' on page 1 undefined on input line 20.


LaTeX Warning: Citation `ah3' on page 1 undefined on input line 20.


LaTeX Warning: Citation `ah4' on page 1 undefined on input line 20.


LaTeX Warning: Citation `ah5' on page 1 undefined on input line 20.


LaTeX Warning: Citation `ah6' on page 1 undefined on input line 20.


LaTeX Warning: Citation `donjon' on page 1 undefined on input line 30.


LaTeX Warning: Citation `donjstruc' on page 1 undefined on input line 30.


LaTeX Warning: Citation `rozon' on page 1 undefined on input line 49.

) (./General.tex [1


] [2]
Section  2.
(./GenModul.tex

LaTeX Warning: Reference `sect:modesc1' on page 3 undefined on input line 8.


LaTeX Warning: Reference `sect:modesc4' on page 3 undefined on input line 9.


LaTeX Warning: Citation `dragon' on page 3 undefined on input line 13.


LaTeX Warning: Citation `trivac' on page 3 undefined on input line 14.


LaTeX Warning: Citation `gan1' on page 3 undefined on input line 16.


LaTeX Warning: Citation `dragon' on page 3 undefined on input line 16.


LaTeX Warning: Reference `sect:dat' on page 3 undefined on input line 20.


Underfull \hbox (badness 10000) in paragraph at lines 4--21

 []

LaTeX Font Info:    Try loading font information for OMS+cmr on input line 24.
(/usr/share/texmf/tex/latex/base/omscmr.fd
File: omscmr.fd 1999/05/25 v2.5h Standard LaTeX font definitions
)
LaTeX Font Info:    Font shape `OMS/cmr/m/n' in size <10> not available
(Font)              Font shape `OMS/cmsy/m/n' tried instead on input line 24.
 [3

]

LaTeX Warning: Reference `sect:HSTData' on page 4 undefined on input line 157.


LaTeX Warning: Citation `hst' on page 4 undefined on input line 157.


LaTeX Warning: Citation `Chambon2014' on page 4 undefined on input line 159.


LaTeX Warning: Citation `Fliscounakis2011' on page 4 undefined on input line 15
9.

) (./GenObject.tex

LaTeX Warning: Reference `sect:structure' on page 4 undefined on input line 8.


LaTeX Warning: Citation `dragstruc' on page 4 undefined on input line 9.


Underfull \hbox (badness 10000) in paragraph at lines 4--12

 []

[4]
Overfull \hbox (7.55423pt too wide) in paragraph at lines 49--52
[]\OT1/cmr/m/n/10 data struc-ture con-tain-ing the de-vices spec-i-fi-ca-tion. 
This ob-ject has a sig-na-ture \OT1/cmtt/m/n/10 L[]DEVICE\OT1/cmr/m/n/10 ;
 []

) (./GenSpecif.tex

LaTeX Warning: Citation `cle2000' on page 5 undefined on input line 5.


LaTeX Warning: Citation `gan2' on page 5 undefined on input line 5.


Overfull \hbox (6.56502pt too wide) in paragraph at lines 4--7
[]\OT1/cmr/m/n/10 The in-put data to any mod-ule is read in free for-mat us-ing
 the sub-rou-tine \OT1/cmtt/m/n/10 REDGET\OT1/cmr/m/n/10 . CLE-2000 variables$[
]$
 []

[5]) (./GenGlobal.tex

LaTeX Warning: Citation `gan1' on page 6 undefined on input line 4.


LaTeX Warning: Citation `gan2' on page 6 undefined on input line 4.


Underfull \hbox (badness 10000) in alignment at lines 15--15
[]
 []


Underfull \hbox (badness 10000) in alignment at lines 15--15
[]
 []


Underfull \hbox (badness 10000) in alignment at lines 15--15
[]
 []


Underfull \hbox (badness 10000) in alignment at lines 15--15
[]
 []


Underfull \hbox (badness 10000) in alignment at lines 15--23
[]
 []


Package longtable Warning: Column widths have changed
(longtable)                in table 1 on input line 23.


LaTeX Warning: Reference `sect:mod' on page 6 undefined on input line 33.

[6]

LaTeX Warning: Reference `sect:dat' on page 7 undefined on input line 48.


LaTeX Warning: Reference `sect:modesc1' on page 7 undefined on input line 52.


LaTeX Warning: Reference `sect:modesc4' on page 7 undefined on input line 52.

)) (./Modules.tex [7]
Section  3.
(./SectRESINI.tex
LaTeX Font Info:    Font shape `OT1/cmtt/bx/n' in size <10> not available
(Font)              Font shape `OT1/cmtt/m/n' tried instead on input line 1.


LaTeX Warning: Reference `sect:sim' on page 8 undefined on input line 28.


LaTeX Warning: Reference `sect:resinidat' on page 8 undefined on input line 51.



Underfull \hbox (badness 10000) in alignment at lines 59--59
[]
 []


Underfull \hbox (badness 10000) in alignment at lines 59--59
[]
 []


Underfull \hbox (badness 10000) in alignment at lines 59--59
[]
 []


Underfull \hbox (badness 10000) in alignment at lines 59--59
[]
 []


Underfull \hbox (badness 10000) in alignment at lines 59--64
[]
 []


Package longtable Warning: Column widths have changed
(longtable)                in table 2 on input line 64.

[8

]
Underfull \hbox (badness 10000) in paragraph at lines 96--98

 []


Underfull \hbox (badness 10000) in alignment at lines 99--99
[]
 []


Underfull \hbox (badness 10000) in alignment at lines 99--99
[]
 []


Underfull \hbox (badness 10000) in alignment at lines 99--99
[]
 []


Underfull \hbox (badness 10000) in alignment at lines 99--99
[]
 []


Underfull \hbox (badness 10000) in alignment at lines 99--115
[]
 []


Package longtable Warning: Column widths have changed
(longtable)                in table 3 on input line 115.

[9]

LaTeX Warning: Citation `dragon' on page 10 undefined on input line 145.


LaTeX Warning: Reference `sect:descnap3' on page 10 undefined on input line 148
.

[10]

LaTeX Warning: Reference `sect:sim' on page 11 undefined on input line 269.

[11]
Underfull \hbox (badness 10000) in alignment at lines 290--290
[]
 []


Underfull \hbox (badness 10000) in alignment at lines 290--290
[]
 []


Underfull \hbox (badness 10000) in alignment at lines 290--290
[]
 []


Underfull \hbox (badness 10000) in alignment at lines 290--290
[]
 []


Underfull \hbox (badness 10000) in alignment at lines 290--305
[]
 []


Package longtable Warning: Column widths have changed
(longtable)                in table 4 on input line 305.

[12]

LaTeX Warning: Reference `sect:tavg' on page 13 undefined on input line 331.


LaTeX Warning: Reference `sect:dirparam' on page 13 undefined on input line 373
.

[13]

LaTeX Warning: Reference `sect:usplitstr' on page 14 undefined on input line 45
6.

[14]

LaTeX Warning: Citation `tajmouati' on page 15 undefined on input line 466.

[15]) (./SectUSPLIT.tex

LaTeX Warning: Reference `sect:matex' on page 16 undefined on input line 10.


Underfull \hbox (badness 10000) in paragraph at lines 4--11

 []


Underfull \hbox (badness 10000) in alignment at lines 15--15
[]
 []


Underfull \hbox (badness 10000) in alignment at lines 15--15
[]
 []


Underfull \hbox (badness 10000) in alignment at lines 15--15
[]
 []


Underfull \hbox (badness 10000) in alignment at lines 15--15
[]
 []


Underfull \hbox (badness 10000) in alignment at lines 15--18
[]
 []


Package longtable Warning: Column widths have changed
(longtable)                in table 5 on input line 18.


Underfull \hbox (badness 10000) in alignment at lines 44--44
[]
 []


Underfull \hbox (badness 10000) in alignment at lines 44--44
[]
 []


Underfull \hbox (badness 10000) in alignment at lines 44--44
[]
 []


Underfull \hbox (badness 10000) in alignment at lines 44--44
[]
 []


Underfull \hbox (badness 10000) in alignment at lines 44--52
[]
 []


Package longtable Warning: Column widths have changed
(longtable)                in table 6 on input line 52.

[16

] [17]) (./SectMACINI.tex

LaTeX Warning: Reference `sect:newmac' on page 18 undefined on input line 25.


Underfull \hbox (badness 10000) in paragraph at lines 19--26

 []


Underfull \hbox (badness 10000) in alignment at lines 30--30
[]
 []


Underfull \hbox (badness 10000) in alignment at lines 30--30
[]
 []


Underfull \hbox (badness 10000) in alignment at lines 30--30
[]
 []


Underfull \hbox (badness 10000) in alignment at lines 30--30
[]
 []


Underfull \hbox (badness 10000) in alignment at lines 30--34
[]
 []


Package longtable Warning: Column widths have changed
(longtable)                in table 7 on input line 34.


LaTeX Warning: Citation `dragon' on page 18 undefined on input line 49.


LaTeX Warning: Citation `dragon' on page 18 undefined on input line 53.

[18

]) (./SectDEVINI.tex

LaTeX Warning: Reference `sect:device' on page 19 undefined on input line 7.


LaTeX Warning: Reference `sect:lzc' on page 19 undefined on input line 9.


LaTeX Warning: Reference `sect:dset' on page 19 undefined on input line 11.


Underfull \hbox (badness 10000) in paragraph at lines 4--12

 []


Underfull \hbox (badness 10000) in paragraph at lines 13--19

 []


Underfull \hbox (badness 10000) in alignment at lines 23--23
[]
 []


Underfull \hbox (badness 10000) in alignment at lines 23--23
[]
 []


Underfull \hbox (badness 10000) in alignment at lines 23--23
[]
 []


Underfull \hbox (badness 10000) in alignment at lines 23--23
[]
 []


Underfull \hbox (badness 10000) in alignment at lines 23--26
[]
 []


Package longtable Warning: Column widths have changed
(longtable)                in table 8 on input line 26.


LaTeX Warning: Reference `fig:rod' on page 19 undefined on input line 50.

Package epstopdf Info: Source file: <Figures/rod.eps>
(epstopdf)                    date: 2014-12-17 17:43:02
(epstopdf)                    size: 485164 bytes
(epstopdf)             Output file: <Figures/rod-eps-converted-to.pdf>
(epstopdf)             Command: <repstopdf --outfile=Figures/rod-eps-converted-
to.pdf Figures/rod.eps>
(epstopdf)             \includegraphics on input line 54.
runsystem(repstopdf --outfile=Figures/rod-eps-converted-to.pdf Figures/rod.eps)
...executed safely (allowed).

Package epstopdf Info: Result file: <Figures/rod-eps-converted-to.pdf>
(epstopdf)                    date: 2016-05-04 17:52:55
(epstopdf)                    size: 23172 bytes.
<Figures/rod-eps-converted-to.pdf, id=137, 618.31pt x 323.2075pt>
File: Figures/rod-eps-converted-to.pdf Graphic file (type pdf)

<use Figures/rod-eps-converted-to.pdf>
Package pdftex.def Info: Figures/rod-eps-converted-to.pdf used on input line 54
.
(pdftex.def)             Requested size: 432.81404pt x 226.2437pt.


LaTeX Warning: `!h' float specifier changed to `!ht'.


Underfull \hbox (badness 10000) in alignment at lines 59--59
[]
 []


Underfull \hbox (badness 10000) in alignment at lines 59--59
[]
 []


Underfull \hbox (badness 10000) in alignment at lines 59--59
[]
 []


Underfull \hbox (badness 10000) in alignment at lines 59--59
[]
 []


Underfull \hbox (badness 10000) in alignment at lines 59--65
[]
 []


Package longtable Warning: Column widths have changed
(longtable)                in table 9 on input line 65.

[19

]
Underfull \hbox (badness 10000) in alignment at lines 107--107
[]
 []


Underfull \hbox (badness 10000) in alignment at lines 107--107
[]
 []


Underfull \hbox (badness 10000) in alignment at lines 107--107
[]
 []


Underfull \hbox (badness 10000) in alignment at lines 107--107
[]
 []


Underfull \hbox (badness 10000) in alignment at lines 107--118
[]
 []

[20 <./Figures/rod-eps-converted-to.pdf>]

Package longtable Warning: Column widths have changed
(longtable)                in table 10 on input line 118.

[21]
Underfull \hbox (badness 10000) in alignment at lines 205--205
[]
 []


Underfull \hbox (badness 10000) in alignment at lines 205--205
[]
 []


Underfull \hbox (badness 10000) in alignment at lines 205--205
[]
 []


Underfull \hbox (badness 10000) in alignment at lines 205--205
[]
 []


Underfull \hbox (badness 10000) in alignment at lines 205--210
[]
 []


Package longtable Warning: Column widths have changed
(longtable)                in table 11 on input line 210.

[22]) (./SectDETINI.tex
Underfull \hbox (badness 10000) in paragraph at lines 4--6

 []


Underfull \hbox (badness 10000) in alignment at lines 10--10
[]
 []


Underfull \hbox (badness 10000) in alignment at lines 10--10
[]
 []


Underfull \hbox (badness 10000) in alignment at lines 10--10
[]
 []


Underfull \hbox (badness 10000) in alignment at lines 10--10
[]
 []


Underfull \hbox (badness 10000) in alignment at lines 10--13
[]
 []


Package longtable Warning: Column widths have changed
(longtable)                in table 12 on input line 13.


Underfull \hbox (badness 10000) in paragraph at lines 31--33

 []


Underfull \hbox (badness 10000) in alignment at lines 33--33
[]
 []


Underfull \hbox (badness 10000) in alignment at lines 33--33
[]
 []


Underfull \hbox (badness 10000) in alignment at lines 33--33
[]
 []


Underfull \hbox (badness 10000) in alignment at lines 33--33
[]
 []


Underfull \hbox (badness 10000) in alignment at lines 33--44
[]
 []


Package longtable Warning: Column widths have changed
(longtable)                in table 13 on input line 44.

[23

]
Underfull \hbox (badness 10000) in alignment at lines 121--121
[]
 []


Underfull \hbox (badness 10000) in alignment at lines 121--121
[]
 []


Underfull \hbox (badness 10000) in alignment at lines 121--121
[]
 []


Underfull \hbox (badness 10000) in alignment at lines 121--121
[]
 []


Underfull \hbox (badness 10000) in alignment at lines 121--127
[]
 []


Package longtable Warning: Column widths have changed
(longtable)                in table 14 on input line 127.

[24] [25]) (./SectLZC.tex

LaTeX Warning: Reference `sect:dev' on page 26 undefined on input line 7.


LaTeX Warning: Reference `sect:device' on page 26 undefined on input line 9.


Underfull \hbox (badness 10000) in paragraph at lines 3--10

 []


LaTeX Warning: Reference `sect:dset' on page 26 undefined on input line 17.


Underfull \hbox (badness 10000) in paragraph at lines 11--19

 []


Underfull \hbox (badness 10000) in alignment at lines 23--23
[]
 []


Underfull \hbox (badness 10000) in alignment at lines 23--23
[]
 []


Underfull \hbox (badness 10000) in alignment at lines 23--23
[]
 []


Underfull \hbox (badness 10000) in alignment at lines 23--23
[]
 []


Underfull \hbox (badness 10000) in alignment at lines 23--26
[]
 []


Package longtable Warning: Column widths have changed
(longtable)                in table 15 on input line 26.


LaTeX Warning: Reference `sect:dev' on page 26 undefined on input line 37.


Underfull \hbox (badness 10000) in alignment at lines 57--57
[]
 []


Underfull \hbox (badness 10000) in alignment at lines 57--57
[]
 []


Underfull \hbox (badness 10000) in alignment at lines 57--57
[]
 []


Underfull \hbox (badness 10000) in alignment at lines 57--57
[]
 []


Underfull \hbox (badness 10000) in alignment at lines 57--63
[]
 []

[26

]

Package longtable Warning: Column widths have changed
(longtable)                in table 16 on input line 63.


Underfull \hbox (badness 10000) in alignment at lines 102--102
[]
 []


Underfull \hbox (badness 10000) in alignment at lines 102--102
[]
 []


Underfull \hbox (badness 10000) in alignment at lines 102--102
[]
 []


Underfull \hbox (badness 10000) in alignment at lines 102--102
[]
 []


Underfull \hbox (badness 10000) in alignment at lines 102--112
[]
 []


Package longtable Warning: Column widths have changed
(longtable)                in table 17 on input line 112.

[27] [28]
Underfull \hbox (badness 10000) in alignment at lines 184--184
[]
 []


Underfull \hbox (badness 10000) in alignment at lines 184--184
[]
 []


Underfull \hbox (badness 10000) in alignment at lines 184--184
[]
 []


Underfull \hbox (badness 10000) in alignment at lines 184--184
[]
 []


Underfull \hbox (badness 10000) in alignment at lines 184--187
[]
 []


Package longtable Warning: Column widths have changed
(longtable)                in table 18 on input line 187.

[29

]) (./SectDSET.tex
Underfull \hbox (badness 10000) in paragraph at lines 4--13

 []


Underfull \hbox (badness 10000) in alignment at lines 17--17
[]
 []


Underfull \hbox (badness 10000) in alignment at lines 17--17
[]
 []


Underfull \hbox (badness 10000) in alignment at lines 17--17
[]
 []


Underfull \hbox (badness 10000) in alignment at lines 17--17
[]
 []


Underfull \hbox (badness 10000) in alignment at lines 17--20
[]
 []


Package longtable Warning: Column widths have changed
(longtable)                in table 19 on input line 20.


Underfull \hbox (badness 10000) in alignment at lines 41--41
[]
 []


Underfull \hbox (badness 10000) in alignment at lines 41--41
[]
 []


Underfull \hbox (badness 10000) in alignment at lines 41--41
[]
 []


Underfull \hbox (badness 10000) in alignment at lines 41--41
[]
 []


Underfull \hbox (badness 10000) in alignment at lines 41--50
[]
 []


Package longtable Warning: Column widths have changed
(longtable)                in table 20 on input line 50.


LaTeX Warning: Reference `sect:devrodstr' on page 30 undefined on input line 65
.

[30

]

LaTeX Warning: Reference `sect:rodgroupstr' on page 31 undefined on input line 
73.


LaTeX Warning: Reference `sect:devlzcstr' on page 31 undefined on input line 80
.


LaTeX Warning: Reference `sect:lzcgroupstr' on page 31 undefined on input line 
88.


LaTeX Warning: Reference `sect:rodgroupstr' on page 31 undefined on input line 
94.


LaTeX Warning: Reference `sect:devlzcstr' on page 31 undefined on input line 95
.

[31]) (./SectMCC.tex
Underfull \hbox (badness 10000) in paragraph at lines 3--4

 []


Underfull \hbox (badness 10000) in paragraph at lines 5--6

 []


Underfull \hbox (badness 10000) in paragraph at lines 7--8

 []


Underfull \hbox (badness 10000) in alignment at lines 11--11
[]
 []


Underfull \hbox (badness 10000) in alignment at lines 11--11
[]
 []


Underfull \hbox (badness 10000) in alignment at lines 11--11
[]
 []


Underfull \hbox (badness 10000) in alignment at lines 11--11
[]
 []


Underfull \hbox (badness 10000) in alignment at lines 11--15
[]
 []


Package longtable Warning: Column widths have changed
(longtable)                in table 21 on input line 15.


Underfull \hbox (badness 10000) in alignment at lines 35--35
[]
 []


Underfull \hbox (badness 10000) in alignment at lines 35--35
[]
 []


Underfull \hbox (badness 10000) in alignment at lines 35--35
[]
 []


Underfull \hbox (badness 10000) in alignment at lines 35--35
[]
 []


Underfull \hbox (badness 10000) in alignment at lines 35--39
[]
 []


Package longtable Warning: Column widths have changed
(longtable)                in table 22 on input line 39.

[32

]

LaTeX Warning: Reference `sect:dirparam' on page 33 undefined on input line 57.



LaTeX Warning: Reference `sect:dirparam' on page 33 undefined on input line 57.



LaTeX Warning: Reference `sect:dirparam' on page 33 undefined on input line 86.



LaTeX Warning: Reference `sect:dirparam' on page 33 undefined on input line 86.


[33]) (./SectMOVDEV.tex
Underfull \hbox (badness 10000) in paragraph at lines 4--13

 []


Underfull \hbox (badness 10000) in alignment at lines 17--17
[]
 []


Underfull \hbox (badness 10000) in alignment at lines 17--17
[]
 []


Underfull \hbox (badness 10000) in alignment at lines 17--17
[]
 []


Underfull \hbox (badness 10000) in alignment at lines 17--17
[]
 []


Underfull \hbox (badness 10000) in alignment at lines 17--20
[]
 []


Package longtable Warning: Column widths have changed
(longtable)                in table 23 on input line 20.


Underfull \hbox (badness 10000) in alignment at lines 44--44
[]
 []


Underfull \hbox (badness 10000) in alignment at lines 44--44
[]
 []


Underfull \hbox (badness 10000) in alignment at lines 44--44
[]
 []


Underfull \hbox (badness 10000) in alignment at lines 44--44
[]
 []


Underfull \hbox (badness 10000) in alignment at lines 44--54
[]
 []


Package longtable Warning: Column widths have changed
(longtable)                in table 24 on input line 54.

[34]

LaTeX Warning: Reference `sect:devrodstr' on page 35 undefined on input line 74
.


LaTeX Warning: Reference `sect:rodgroupstr' on page 35 undefined on input line 
81.

[35]) (./SectNEWMAC.tex
Underfull \hbox (badness 10000) in paragraph at lines 4--13

 []


Underfull \hbox (badness 10000) in alignment at lines 17--17
[]
 []


Underfull \hbox (badness 10000) in alignment at lines 17--17
[]
 []


Underfull \hbox (badness 10000) in alignment at lines 17--17
[]
 []


Underfull \hbox (badness 10000) in alignment at lines 17--17
[]
 []


Underfull \hbox (badness 10000) in alignment at lines 17--21
[]
 []


Package longtable Warning: Column widths have changed
(longtable)                in table 25 on input line 21.

[36

]) (./SectFLPOW.tex
Underfull \hbox (badness 10000) in paragraph at lines 4--11

 []


Underfull \hbox (badness 10000) in paragraph at lines 12--19

 []


LaTeX Warning: Reference `sect:power' on page 37 undefined on input line 21.


Underfull \hbox (badness 10000) in paragraph at lines 20--26

 []


Underfull \hbox (badness 10000) in alignment at lines 30--30
[]
 []


Underfull \hbox (badness 10000) in alignment at lines 30--30
[]
 []


Underfull \hbox (badness 10000) in alignment at lines 30--30
[]
 []


Underfull \hbox (badness 10000) in alignment at lines 30--30
[]
 []


Underfull \hbox (badness 10000) in alignment at lines 30--41
[]
 []


Package longtable Warning: Column widths have changed
(longtable)                in table 26 on input line 41.

[37

]
Underfull \hbox (badness 10000) in paragraph at lines 96--98

 []


Underfull \hbox (badness 10000) in alignment at lines 99--99
[]
 []


Underfull \hbox (badness 10000) in alignment at lines 99--99
[]
 []


Underfull \hbox (badness 10000) in alignment at lines 99--99
[]
 []


Underfull \hbox (badness 10000) in alignment at lines 99--99
[]
 []


Underfull \hbox (badness 10000) in alignment at lines 99--108
[]
 []


Package longtable Warning: Column widths have changed
(longtable)                in table 27 on input line 108.

[38] [39]) (./SectTAVG.tex
Underfull \hbox (badness 10000) in paragraph at lines 4--11

 []


Underfull \hbox (badness 10000) in paragraph at lines 12--18

 []


Underfull \hbox (badness 10000) in alignment at lines 22--22
[]
 []


Underfull \hbox (badness 10000) in alignment at lines 22--22
[]
 []


Underfull \hbox (badness 10000) in alignment at lines 22--22
[]
 []


Underfull \hbox (badness 10000) in alignment at lines 22--22
[]
 []


Underfull \hbox (badness 10000) in alignment at lines 22--25
[]
 []


Package longtable Warning: Column widths have changed
(longtable)                in table 28 on input line 25.


Underfull \hbox (badness 10000) in paragraph at lines 48--50

 []


Underfull \hbox (badness 10000) in alignment at lines 51--51
[]
 []


Underfull \hbox (badness 10000) in alignment at lines 51--51
[]
 []


Underfull \hbox (badness 10000) in alignment at lines 51--51
[]
 []


Underfull \hbox (badness 10000) in alignment at lines 51--51
[]
 []


Underfull \hbox (badness 10000) in alignment at lines 51--56
[]
 []


Package longtable Warning: Column widths have changed
(longtable)                in table 29 on input line 56.

[40

]
Underfull \hbox (badness 10000) in paragraph at lines 88--99

 []

[41] [42]) (./SectTINST.tex
Underfull \hbox (badness 10000) in paragraph at lines 4--7

 []


Underfull \hbox (badness 10000) in alignment at lines 11--11
[]
 []


Underfull \hbox (badness 10000) in alignment at lines 11--11
[]
 []


Underfull \hbox (badness 10000) in alignment at lines 11--11
[]
 []


Underfull \hbox (badness 10000) in alignment at lines 11--11
[]
 []


Underfull \hbox (badness 10000) in alignment at lines 11--19
[]
 []


Package longtable Warning: Column widths have changed
(longtable)                in table 30 on input line 19.

[43

]
Underfull \hbox (badness 10000) in paragraph at lines 55--57

 []


Underfull \hbox (badness 10000) in alignment at lines 58--58
[]
 []


Underfull \hbox (badness 10000) in alignment at lines 58--58
[]
 []


Underfull \hbox (badness 10000) in alignment at lines 58--58
[]
 []


Underfull \hbox (badness 10000) in alignment at lines 58--58
[]
 []


Underfull \hbox (badness 10000) in alignment at lines 58--67
[]
 []


Package longtable Warning: Column widths have changed
(longtable)                in table 31 on input line 67.

[44

] [45]) (./SectSIM.tex
Underfull \hbox (badness 10000) in alignment at lines 17--17
[]
 []


Underfull \hbox (badness 10000) in alignment at lines 17--17
[]
 []


Underfull \hbox (badness 10000) in alignment at lines 17--17
[]
 []


Underfull \hbox (badness 10000) in alignment at lines 17--17
[]
 []


Underfull \hbox (badness 10000) in alignment at lines 17--20
[]
 []


Package longtable Warning: Column widths have changed
(longtable)                in table 32 on input line 20.


Underfull \hbox (badness 10000) in alignment at lines 48--48
[]
 []


Underfull \hbox (badness 10000) in alignment at lines 48--48
[]
 []


Underfull \hbox (badness 10000) in alignment at lines 48--48
[]
 []


Underfull \hbox (badness 10000) in alignment at lines 48--48
[]
 []


Underfull \hbox (badness 10000) in alignment at lines 48--67
[]
 []


Package longtable Warning: Column widths have changed
(longtable)                in table 33 on input line 67.

[46

]

LaTeX Warning: Reference `sect:resiniaram' on page 47 undefined on input line 9
6.


LaTeX Warning: Reference `sect:resini' on page 47 undefined on input line 112.

[47]

LaTeX Warning: Reference `sect:resini' on page 48 undefined on input line 134.

[48] [49]) (./SectXENON.tex
Underfull \hbox (badness 10000) in alignment at lines 24--24
[]
 []


Underfull \hbox (badness 10000) in alignment at lines 24--24
[]
 []


Underfull \hbox (badness 10000) in alignment at lines 24--24
[]
 []


Underfull \hbox (badness 10000) in alignment at lines 24--24
[]
 []


Underfull \hbox (badness 10000) in alignment at lines 24--28
[]
 []


Package longtable Warning: Column widths have changed
(longtable)                in table 34 on input line 28.


Underfull \hbox (badness 10000) in alignment at lines 51--51
[]
 []


Underfull \hbox (badness 10000) in alignment at lines 51--51
[]
 []


Underfull \hbox (badness 10000) in alignment at lines 51--51
[]
 []


Underfull \hbox (badness 10000) in alignment at lines 51--51
[]
 []


Underfull \hbox (badness 10000) in alignment at lines 51--55
[]
 []


Package longtable Warning: Column widths have changed
(longtable)                in table 35 on input line 55.

[50

] [51]) (./SectDETECT.tex
Underfull \hbox (badness 10000) in alignment at lines 10--10
[]
 []


Underfull \hbox (badness 10000) in alignment at lines 10--10
[]
 []


Underfull \hbox (badness 10000) in alignment at lines 10--10
[]
 []


Underfull \hbox (badness 10000) in alignment at lines 10--10
[]
 []


Underfull \hbox (badness 10000) in alignment at lines 10--14
[]
 []


Package longtable Warning: Column widths have changed
(longtable)                in table 36 on input line 14.


Underfull \hbox (badness 10000) in paragraph at lines 45--47

 []


Underfull \hbox (badness 10000) in alignment at lines 48--48
[]
 []


Underfull \hbox (badness 10000) in alignment at lines 48--48
[]
 []


Underfull \hbox (badness 10000) in alignment at lines 48--48
[]
 []


Underfull \hbox (badness 10000) in alignment at lines 48--48
[]
 []


Underfull \hbox (badness 10000) in alignment at lines 48--56
[]
 []


Package longtable Warning: Column widths have changed
(longtable)                in table 37 on input line 56.

[52

] [53]) (./SectCVR.tex

LaTeX Warning: Reference `sect:resiniaram' on page 54 undefined on input line 1
3.


Underfull \hbox (badness 10000) in paragraph at lines 4--14

 []


Underfull \hbox (badness 10000) in alignment at lines 18--18
[]
 []


Underfull \hbox (badness 10000) in alignment at lines 18--18
[]
 []


Underfull \hbox (badness 10000) in alignment at lines 18--18
[]
 []


Underfull \hbox (badness 10000) in alignment at lines 18--18
[]
 []


Underfull \hbox (badness 10000) in alignment at lines 18--20
[]
 []


Package longtable Warning: Column widths have changed
(longtable)                in table 38 on input line 20.


Underfull \hbox (badness 10000) in paragraph at lines 42--44

 []


Underfull \hbox (badness 10000) in alignment at lines 45--45
[]
 []


Underfull \hbox (badness 10000) in alignment at lines 45--45
[]
 []


Underfull \hbox (badness 10000) in alignment at lines 45--45
[]
 []


Underfull \hbox (badness 10000) in alignment at lines 45--45
[]
 []


Underfull \hbox (badness 10000) in alignment at lines 45--53
[]
 []


Package longtable Warning: Column widths have changed
(longtable)                in table 39 on input line 53.

[54

]

LaTeX Warning: Reference `sect:usplitstr' on page 55 undefined on input line 69
.


LaTeX Warning: Reference `sect:resiniaram' on page 55 undefined on input line 8
4.

[55] [56]) (./SectHST.tex

LaTeX Warning: Citation `hst' on page 57 undefined on input line 4.


Underfull \hbox (badness 10000) in alignment at lines 11--11
[]
 []


Underfull \hbox (badness 10000) in alignment at lines 11--11
[]
 []


Underfull \hbox (badness 10000) in alignment at lines 11--11
[]
 []


Underfull \hbox (badness 10000) in alignment at lines 11--11
[]
 []


Underfull \hbox (badness 10000) in alignment at lines 11--14
[]
 []


Package longtable Warning: Column widths have changed
(longtable)                in table 40 on input line 14.


Underfull \hbox (badness 10000) in alignment at lines 16--16
[]
 []


Underfull \hbox (badness 10000) in alignment at lines 16--16
[]
 []


Underfull \hbox (badness 10000) in alignment at lines 16--16
[]
 []


Underfull \hbox (badness 10000) in alignment at lines 16--16
[]
 []


Underfull \hbox (badness 10000) in alignment at lines 16--22
[]
 []


Package longtable Warning: Column widths have changed
(longtable)                in table 41 on input line 22.


Underfull \hbox (badness 10000) in alignment at lines 23--23
[]
 []


Underfull \hbox (badness 10000) in alignment at lines 23--23
[]
 []


Underfull \hbox (badness 10000) in alignment at lines 23--23
[]
 []


Underfull \hbox (badness 10000) in alignment at lines 23--23
[]
 []


Underfull \hbox (badness 10000) in alignment at lines 23--31
[]
 []


Package longtable Warning: Column widths have changed
(longtable)                in table 42 on input line 31.


Underfull \hbox (badness 10000) in alignment at lines 33--33
[]
 []


Underfull \hbox (badness 10000) in alignment at lines 33--33
[]
 []


Underfull \hbox (badness 10000) in alignment at lines 33--33
[]
 []


Underfull \hbox (badness 10000) in alignment at lines 33--33
[]
 []


Underfull \hbox (badness 10000) in alignment at lines 33--35
[]
 []


Package longtable Warning: Column widths have changed
(longtable)                in table 43 on input line 35.

[57

]
Underfull \hbox (badness 10000) in alignment at lines 80--80
[]
 []


Underfull \hbox (badness 10000) in alignment at lines 80--80
[]
 []


Underfull \hbox (badness 10000) in alignment at lines 80--80
[]
 []


Underfull \hbox (badness 10000) in alignment at lines 80--80
[]
 []


Underfull \hbox (badness 10000) in alignment at lines 80--85
[]
 []


Package longtable Warning: Column widths have changed
(longtable)                in table 44 on input line 85.

[58]
Underfull \hbox (badness 10000) in alignment at lines 124--124
[]
 []


Underfull \hbox (badness 10000) in alignment at lines 124--124
[]
 []


Underfull \hbox (badness 10000) in alignment at lines 124--124
[]
 []


Underfull \hbox (badness 10000) in alignment at lines 124--124
[]
 []


Underfull \hbox (badness 10000) in alignment at lines 124--126
[]
 []


Package longtable Warning: Column widths have changed
(longtable)                in table 45 on input line 126.


Underfull \hbox (badness 10000) in alignment at lines 143--143
[]
 []


Underfull \hbox (badness 10000) in alignment at lines 143--143
[]
 []


Underfull \hbox (badness 10000) in alignment at lines 143--143
[]
 []


Underfull \hbox (badness 10000) in alignment at lines 143--143
[]
 []


Underfull \hbox (badness 10000) in alignment at lines 143--145
[]
 []

[59]

Package longtable Warning: Column widths have changed
(longtable)                in table 46 on input line 145.

[60] [61]

LaTeX Warning: Reference `tab2' on page 62 undefined on input line 276.

[62] [63])
Section  4.
(./SectCRE.tex
Underfull \hbox (badness 10000) in paragraph at lines 3--8

 []


LaTeX Warning: Reference `sect:resiniaram' on page 64 undefined on input line 3
3.


Underfull \hbox (badness 10000) in paragraph at lines 26--34

 []


Underfull \hbox (badness 10000) in alignment at lines 38--38
[]
 []


Underfull \hbox (badness 10000) in alignment at lines 38--38
[]
 []


Underfull \hbox (badness 10000) in alignment at lines 38--38
[]
 []


Underfull \hbox (badness 10000) in alignment at lines 38--38
[]
 []


Underfull \hbox (badness 10000) in alignment at lines 38--43
[]
 []


Package longtable Warning: Column widths have changed
(longtable)                in table 47 on input line 43.

[64


]
Underfull \hbox (badness 10000) in alignment at lines 72--72
[]
 []


Underfull \hbox (badness 10000) in alignment at lines 72--72
[]
 []


Underfull \hbox (badness 10000) in alignment at lines 72--72
[]
 []


Underfull \hbox (badness 10000) in alignment at lines 72--72
[]
 []


Underfull \hbox (badness 10000) in alignment at lines 72--77
[]
 []


Package longtable Warning: Column widths have changed
(longtable)                in table 48 on input line 77.


Underfull \hbox (badness 10000) in alignment at lines 79--79
[]
 []


Underfull \hbox (badness 10000) in alignment at lines 79--79
[]
 []


Underfull \hbox (badness 10000) in alignment at lines 79--79
[]
 []


Underfull \hbox (badness 10000) in alignment at lines 79--79
[]
 []


Underfull \hbox (badness 10000) in alignment at lines 79--83
[]
 []


Package longtable Warning: Column widths have changed
(longtable)                in table 49 on input line 83.


Underfull \hbox (badness 10000) in alignment at lines 122--122
[]
 []


Underfull \hbox (badness 10000) in alignment at lines 122--122
[]
 []


Underfull \hbox (badness 10000) in alignment at lines 122--122
[]
 []


Underfull \hbox (badness 10000) in alignment at lines 122--122
[]
 []


Underfull \hbox (badness 10000) in alignment at lines 122--127
[]
 []

[65]

Package longtable Warning: Column widths have changed
(longtable)                in table 50 on input line 127.


Underfull \hbox (badness 10000) in alignment at lines 129--129
[]
 []


Underfull \hbox (badness 10000) in alignment at lines 129--129
[]
 []


Underfull \hbox (badness 10000) in alignment at lines 129--129
[]
 []


Underfull \hbox (badness 10000) in alignment at lines 129--129
[]
 []


Underfull \hbox (badness 10000) in alignment at lines 129--134
[]
 []


Package longtable Warning: Column widths have changed
(longtable)                in table 51 on input line 134.


LaTeX Warning: Citation `chambon' on page 66 undefined on input line 170.

[66] [67]) (./SectNCR.tex
Underfull \hbox (badness 10000) in alignment at lines 12--12
[]
 []


Underfull \hbox (badness 10000) in alignment at lines 12--12
[]
 []


Underfull \hbox (badness 10000) in alignment at lines 12--12
[]
 []


Underfull \hbox (badness 10000) in alignment at lines 12--12
[]
 []


Underfull \hbox (badness 10000) in alignment at lines 12--14
[]
 []


Package longtable Warning: Column widths have changed
(longtable)                in table 52 on input line 14.


LaTeX Warning: Reference `sect:descncr' on page 68 undefined on input line 33.


Underfull \hbox (badness 10000) in alignment at lines 41--41
[]
 []


Underfull \hbox (badness 10000) in alignment at lines 41--41
[]
 []


Underfull \hbox (badness 10000) in alignment at lines 41--41
[]
 []


Underfull \hbox (badness 10000) in alignment at lines 41--41
[]
 []


Underfull \hbox (badness 10000) in alignment at lines 41--49
[]
 []


Package longtable Warning: Column widths have changed
(longtable)                in table 53 on input line 49.

[68

]

LaTeX Warning: Reference `sect:descintf' on page 69 undefined on input line 63.



LaTeX Warning: Citation `Intech2011' on page 69 undefined on input line 73.


Overfull \hbox (8.33792pt too wide) in paragraph at lines 91--93
[]\OT1/cmr/m/n/10 access the \OT1/cmr/m/sc/10 mul-ti-compo \OT1/cmr/m/n/10 stru
c-ture of \OT1/cmr/m/sl/10 CPONAM[] \OT1/cmr/m/n/10 from the sub-directory name
d \OT1/cmr/m/sl/10 NAMDIR[]\OT1/cmr/m/n/10 .
 []


Overfull \hbox (3.39511pt too wide) in paragraph at lines 94--96
[]\OT1/cmr/m/n/10 name of the pa-ram-e-ter for bur-nup (or ir-ra-di-a-tion) in 
the sub-directory named \OT1/cmr/m/sl/10 NAMDIR[]\OT1/cmr/m/n/10 .
 []


LaTeX Warning: Reference `sect:descintf' on page 69 undefined on input line 97.


[69]
Underfull \hbox (badness 10000) in alignment at lines 109--109
[]
 []


Underfull \hbox (badness 10000) in alignment at lines 109--109
[]
 []


Underfull \hbox (badness 10000) in alignment at lines 109--109
[]
 []


Underfull \hbox (badness 10000) in alignment at lines 109--109
[]
 []


Underfull \hbox (badness 10000) in alignment at lines 109--116
[]
 []


Package longtable Warning: Column widths have changed
(longtable)                in table 54 on input line 116.


LaTeX Warning: Citation `chambon' on page 70 undefined on input line 137.

[70]

LaTeX Warning: Reference `sect:descncr' on page 71 undefined on input line 157.



LaTeX Warning: Citation `Intech2011' on page 71 undefined on input line 160.


LaTeX Warning: Reference `sect:descncr' on page 71 undefined on input line 160.


[71]

LaTeX Warning: Reference `figNCRGRIDINS' on page 72 undefined on input line 214
.


LaTeX Warning: Reference `figNCRGRIDTA' on page 72 undefined on input line 214.



LaTeX Warning: Reference `figNCRGRIDINS' on page 72 undefined on input line 215
.


LaTeX Warning: Reference `figNCRGRIDTA' on page 72 undefined on input line 215.



LaTeX Warning: Reference `figNCRPLANEINS' on page 72 undefined on input line 21
7.


LaTeX Warning: Reference `figNCRPLANETA' on page 72 undefined on input line 217
.


LaTeX Warning: Reference `figNCRPLANEINS' on page 72 undefined on input line 21
7.


LaTeX Warning: Reference `figNCRPLANETA' on page 72 undefined on input line 217
.


LaTeX Warning: Reference `figNCRAXEINS' on page 72 undefined on input line 222.



LaTeX Warning: Reference `figNCRAXETA' on page 72 undefined on input line 222.


LaTeX Warning: Reference `figNCRAXEINS' on page 72 undefined on input line 222.



LaTeX Warning: Reference `figNCRAXETA' on page 72 undefined on input line 222.


LaTeX Warning: Reference `figNCRAXEINSbis' on page 72 undefined on input line 2
25.


LaTeX Warning: Reference `figNCRPLAXINS' on page 72 undefined on input line 227
.


LaTeX Warning: Reference `figNCRPLAXTA' on page 72 undefined on input line 227.



LaTeX Warning: Reference `figNCRPLAXINSbis' on page 72 undefined on input line 
230.

[72] [73]
Underfull \hbox (badness 10000) in paragraph at lines 233--234

 []


LaTeX Warning: Reference `figNCRGRIDINS' on page 74 undefined on input line 258
.


Underfull \hbox (badness 10000) in paragraph at lines 258--259
[]\OT1/cmr/m/n/10 GRID
 []


LaTeX Warning: Reference `figNCRPLANEINS' on page 74 undefined on input line 27
9.


Underfull \hbox (badness 10000) in paragraph at lines 279--279
[]\OT1/cmr/m/n/10 PLANE
 []


LaTeX Warning: Reference `figNCRAXEINS' on page 74 undefined on input line 318.


[74

]

LaTeX Warning: Reference `figNCRPLAXINS' on page 75 undefined on input line 353
.


LaTeX Warning: Reference `figNCRGRIDTA' on page 75 undefined on input line 410.



Underfull \hbox (badness 10000) in paragraph at lines 410--410
[]\OT1/cmr/m/n/10 GRID
 []


LaTeX Warning: Reference `figNCRPLANETA' on page 75 undefined on input line 430
.


Underfull \hbox (badness 10000) in paragraph at lines 430--430
[]\OT1/cmr/m/n/10 PLANE
 []

[75]

LaTeX Warning: Reference `figNCRAXETA' on page 76 undefined on input line 461.


LaTeX Warning: Reference `figNCRPLAXTA' on page 76 undefined on input line 495.


[76]
Package epstopdf Info: Source file: <Interpolation-GRID-INS.eps>
(epstopdf)                    date: 2014-12-17 17:43:02
(epstopdf)                    size: 1998677 bytes
(epstopdf)             Output file: <Interpolation-GRID-INS-eps-converted-to.pd
f>
(epstopdf)             Command: <repstopdf --outfile=Interpolation-GRID-INS-eps
-converted-to.pdf Interpolation-GRID-INS.eps>
(epstopdf)             \includegraphics on input line 533.
runsystem(repstopdf --outfile=Interpolation-GRID-INS-eps-converted-to.pdf Inter
polation-GRID-INS.eps)...executed safely (allowed).

Package epstopdf Info: Result file: <Interpolation-GRID-INS-eps-converted-to.pd
f>
(epstopdf)                    date: 2016-05-04 17:52:56
(epstopdf)                    size: 28235 bytes.

<Interpolation-GRID-INS-eps-converted-to.pdf, id=506, 433.62pt x 433.62pt>
File: Interpolation-GRID-INS-eps-converted-to.pdf Graphic file (type pdf)

<use Interpolation-GRID-INS-eps-converted-to.pdf>
Package pdftex.def Info: Interpolation-GRID-INS-eps-converted-to.pdf used on in
put line 533.
(pdftex.def)             Requested size: 173.44492pt x 173.44492pt.
Package epstopdf Info: Source file: <Interpolation-GRID-TA.eps>
(epstopdf)                    date: 2014-12-17 17:43:02
(epstopdf)                    size: 2050995 bytes
(epstopdf)             Output file: <Interpolation-GRID-TA-eps-converted-to.pdf
>
(epstopdf)             Command: <repstopdf --outfile=Interpolation-GRID-TA-eps-
converted-to.pdf Interpolation-GRID-TA.eps>
(epstopdf)             \includegraphics on input line 541.
runsystem(repstopdf --outfile=Interpolation-GRID-TA-eps-converted-to.pdf Interp
olation-GRID-TA.eps)...executed safely (allowed).

Package epstopdf Info: Result file: <Interpolation-GRID-TA-eps-converted-to.pdf
>
(epstopdf)                    date: 2016-05-04 17:52:57
(epstopdf)                    size: 29375 bytes.

<Interpolation-GRID-TA-eps-converted-to.pdf, id=507, 433.62pt x 433.62pt>
File: Interpolation-GRID-TA-eps-converted-to.pdf Graphic file (type pdf)

<use Interpolation-GRID-TA-eps-converted-to.pdf>
Package pdftex.def Info: Interpolation-GRID-TA-eps-converted-to.pdf used on inp
ut line 541.
(pdftex.def)             Requested size: 173.44492pt x 173.44492pt.
Package epstopdf Info: Source file: <Interpolation-PLANE-INS.eps>
(epstopdf)                    date: 2014-12-17 17:43:02
(epstopdf)                    size: 2044462 bytes
(epstopdf)             Output file: <Interpolation-PLANE-INS-eps-converted-to.p
df>
(epstopdf)             Command: <repstopdf --outfile=Interpolation-PLANE-INS-ep
s-converted-to.pdf Interpolation-PLANE-INS.eps>
(epstopdf)             \includegraphics on input line 549.
runsystem(repstopdf --outfile=Interpolation-PLANE-INS-eps-converted-to.pdf Inte
rpolation-PLANE-INS.eps)...executed safely (allowed).

Package epstopdf Info: Result file: <Interpolation-PLANE-INS-eps-converted-to.p
df>
(epstopdf)                    date: 2016-05-04 17:52:58
(epstopdf)                    size: 45867 bytes.

<Interpolation-PLANE-INS-eps-converted-to.pdf, id=508, 433.62pt x 433.62pt>
File: Interpolation-PLANE-INS-eps-converted-to.pdf Graphic file (type pdf)

<use Interpolation-PLANE-INS-eps-converted-to.pdf>
Package pdftex.def Info: Interpolation-PLANE-INS-eps-converted-to.pdf used on i
nput line 549.
(pdftex.def)             Requested size: 173.44492pt x 173.44492pt.
Package epstopdf Info: Source file: <Interpolation-PLANE-TA.eps>
(epstopdf)                    date: 2014-12-17 17:43:02
(epstopdf)                    size: 2101601 bytes
(epstopdf)             Output file: <Interpolation-PLANE-TA-eps-converted-to.pd
f>
(epstopdf)             Command: <repstopdf --outfile=Interpolation-PLANE-TA-eps
-converted-to.pdf Interpolation-PLANE-TA.eps>
(epstopdf)             \includegraphics on input line 557.
runsystem(repstopdf --outfile=Interpolation-PLANE-TA-eps-converted-to.pdf Inter
polation-PLANE-TA.eps)...executed safely (allowed).

Package epstopdf Info: Result file: <Interpolation-PLANE-TA-eps-converted-to.pd
f>
(epstopdf)                    date: 2016-05-04 17:53:00
(epstopdf)                    size: 29886 bytes.

<Interpolation-PLANE-TA-eps-converted-to.pdf, id=509, 433.62pt x 433.62pt>
File: Interpolation-PLANE-TA-eps-converted-to.pdf Graphic file (type pdf)

<use Interpolation-PLANE-TA-eps-converted-to.pdf>
Package pdftex.def Info: Interpolation-PLANE-TA-eps-converted-to.pdf used on in
put line 557.
(pdftex.def)             Requested size: 173.44492pt x 173.44492pt.
Package epstopdf Info: Source file: <Interpolation-AXE-INS.eps>
(epstopdf)                    date: 2014-12-17 17:43:02
(epstopdf)                    size: 2002192 bytes
(epstopdf)             Output file: <Interpolation-AXE-INS-eps-converted-to.pdf
>
(epstopdf)             Command: <repstopdf --outfile=Interpolation-AXE-INS-eps-
converted-to.pdf Interpolation-AXE-INS.eps>
(epstopdf)             \includegraphics on input line 565.
runsystem(repstopdf --outfile=Interpolation-AXE-INS-eps-converted-to.pdf Interp
olation-AXE-INS.eps)...executed safely (allowed).

Package epstopdf Info: Result file: <Interpolation-AXE-INS-eps-converted-to.pdf
>
(epstopdf)                    date: 2016-05-04 17:53:01
(epstopdf)                    size: 18493 bytes.

<Interpolation-AXE-INS-eps-converted-to.pdf, id=510, 433.62pt x 433.62pt>
File: Interpolation-AXE-INS-eps-converted-to.pdf Graphic file (type pdf)

<use Interpolation-AXE-INS-eps-converted-to.pdf>
Package pdftex.def Info: Interpolation-AXE-INS-eps-converted-to.pdf used on inp
ut line 565.
(pdftex.def)             Requested size: 173.44492pt x 173.44492pt.
Package epstopdf Info: Source file: <Interpolation-AXE-TA.eps>
(epstopdf)                    date: 2014-12-17 17:43:02
(epstopdf)                    size: 2078797 bytes
(epstopdf)             Output file: <Interpolation-AXE-TA-eps-converted-to.pdf>

(epstopdf)             Command: <repstopdf --outfile=Interpolation-AXE-TA-eps-c
onverted-to.pdf Interpolation-AXE-TA.eps>
(epstopdf)             \includegraphics on input line 573.
runsystem(repstopdf --outfile=Interpolation-AXE-TA-eps-converted-to.pdf Interpo
lation-AXE-TA.eps)...executed safely (allowed).

Package epstopdf Info: Result file: <Interpolation-AXE-TA-eps-converted-to.pdf>

(epstopdf)                    date: 2016-05-04 17:53:02
(epstopdf)                    size: 38210 bytes.

<Interpolation-AXE-TA-eps-converted-to.pdf, id=511, 433.62pt x 433.62pt>
File: Interpolation-AXE-TA-eps-converted-to.pdf Graphic file (type pdf)

<use Interpolation-AXE-TA-eps-converted-to.pdf>
Package pdftex.def Info: Interpolation-AXE-TA-eps-converted-to.pdf used on inpu
t line 573.
(pdftex.def)             Requested size: 173.44492pt x 173.44492pt.
Package epstopdf Info: Source file: <Interpolation-AXE-INSbis.eps>
(epstopdf)                    date: 2014-12-17 17:43:02
(epstopdf)                    size: 2067529 bytes
(epstopdf)             Output file: <Interpolation-AXE-INSbis-eps-converted-to.
pdf>
(epstopdf)             Command: <repstopdf --outfile=Interpolation-AXE-INSbis-e
ps-converted-to.pdf Interpolation-AXE-INSbis.eps>
(epstopdf)             \includegraphics on input line 581.
runsystem(repstopdf --outfile=Interpolation-AXE-INSbis-eps-converted-to.pdf Int
erpolation-AXE-INSbis.eps)...executed safely (allowed).

Package epstopdf Info: Result file: <Interpolation-AXE-INSbis-eps-converted-to.
pdf>
(epstopdf)                    date: 2016-05-04 17:53:03
(epstopdf)                    size: 45450 bytes.

<Interpolation-AXE-INSbis-eps-converted-to.pdf, id=512, 433.62pt x 433.62pt>
File: Interpolation-AXE-INSbis-eps-converted-to.pdf Graphic file (type pdf)

<use Interpolation-AXE-INSbis-eps-converted-to.pdf>
Package pdftex.def Info: Interpolation-AXE-INSbis-eps-converted-to.pdf used on 
input line 581.
(pdftex.def)             Requested size: 173.44492pt x 173.44492pt.
 [77

 <./Interpolation-GRID-INS-eps-converted-to.pdf> <./Interpolation-GRID-TA-eps-c
onverted-to.pdf> <./Interpolation-PLANE-INS-eps-converted-to.pdf> <./Interpolat
ion-PLANE-TA-eps-converted-to.pdf> <./Interpolation-AXE-INS-eps-converted-to.pd
f> <./Interpolation-AXE-TA-eps-converted-to.pdf>]
Package epstopdf Info: Source file: <Interpolation-PLAX-INS.eps>
(epstopdf)                    date: 2014-12-17 17:43:02
(epstopdf)                    size: 2011802 bytes
(epstopdf)             Output file: <Interpolation-PLAX-INS-eps-converted-to.pd
f>
(epstopdf)             Command: <repstopdf --outfile=Interpolation-PLAX-INS-eps
-converted-to.pdf Interpolation-PLAX-INS.eps>
(epstopdf)             \includegraphics on input line 589.
runsystem(repstopdf --outfile=Interpolation-PLAX-INS-eps-converted-to.pdf Inter
polation-PLAX-INS.eps)...executed safely (allowed).

Package epstopdf Info: Result file: <Interpolation-PLAX-INS-eps-converted-to.pd
f>
(epstopdf)                    date: 2016-05-04 17:53:04
(epstopdf)                    size: 23858 bytes.

<Interpolation-PLAX-INS-eps-converted-to.pdf, id=568, 433.62pt x 433.62pt>
File: Interpolation-PLAX-INS-eps-converted-to.pdf Graphic file (type pdf)

<use Interpolation-PLAX-INS-eps-converted-to.pdf>
Package pdftex.def Info: Interpolation-PLAX-INS-eps-converted-to.pdf used on in
put line 589.
(pdftex.def)             Requested size: 173.44492pt x 173.44492pt.
Package epstopdf Info: Source file: <Interpolation-PLAX-TA.eps>
(epstopdf)                    date: 2014-12-17 17:43:02
(epstopdf)                    size: 2082526 bytes
(epstopdf)             Output file: <Interpolation-PLAX-TA-eps-converted-to.pdf
>
(epstopdf)             Command: <repstopdf --outfile=Interpolation-PLAX-TA-eps-
converted-to.pdf Interpolation-PLAX-TA.eps>
(epstopdf)             \includegraphics on input line 597.
runsystem(repstopdf --outfile=Interpolation-PLAX-TA-eps-converted-to.pdf Interp
olation-PLAX-TA.eps)...executed safely (allowed).

Package epstopdf Info: Result file: <Interpolation-PLAX-TA-eps-converted-to.pdf
>
(epstopdf)                    date: 2016-05-04 17:53:06
(epstopdf)                    size: 26055 bytes.

<Interpolation-PLAX-TA-eps-converted-to.pdf, id=569, 433.62pt x 433.62pt>
File: Interpolation-PLAX-TA-eps-converted-to.pdf Graphic file (type pdf)

<use Interpolation-PLAX-TA-eps-converted-to.pdf>
Package pdftex.def Info: Interpolation-PLAX-TA-eps-converted-to.pdf used on inp
ut line 597.
(pdftex.def)             Requested size: 173.44492pt x 173.44492pt.
Package epstopdf Info: Source file: <Interpolation-PLAX-INSbis.eps>
(epstopdf)                    date: 2014-12-17 17:43:02
(epstopdf)                    size: 2057316 bytes
(epstopdf)             Output file: <Interpolation-PLAX-INSbis-eps-converted-to
.pdf>
(epstopdf)             Command: <repstopdf --outfile=Interpolation-PLAX-INSbis-
eps-converted-to.pdf Interpolation-PLAX-INSbis.eps>
(epstopdf)             \includegraphics on input line 605.
runsystem(repstopdf --outfile=Interpolation-PLAX-INSbis-eps-converted-to.pdf In
terpolation-PLAX-INSbis.eps)...executed safely (allowed).

Package epstopdf Info: Result file: <Interpolation-PLAX-INSbis-eps-converted-to
.pdf>
(epstopdf)                    date: 2016-05-04 17:53:07
(epstopdf)                    size: 46283 bytes.

<Interpolation-PLAX-INSbis-eps-converted-to.pdf, id=570, 433.62pt x 433.62pt>
File: Interpolation-PLAX-INSbis-eps-converted-to.pdf Graphic file (type pdf)

<use Interpolation-PLAX-INSbis-eps-converted-to.pdf>
Package pdftex.def Info: Interpolation-PLAX-INSbis-eps-converted-to.pdf used on
 input line 605.
(pdftex.def)             Requested size: 173.44492pt x 173.44492pt.
 [78 <./Interpolation-AXE-INSbis-eps-converted-to.pdf> <./Interpolation-PLAX-IN
S-eps-converted-to.pdf> <./Interpolation-PLAX-TA-eps-converted-to.pdf> <./Inter
polation-PLAX-INSbis-eps-converted-to.pdf>]) (./SectSCR.tex

LaTeX Warning: Citation `apollo2' on page 79 undefined on input line 5.


Underfull \hbox (badness 10000) in alignment at lines 12--12
[]
 []


Underfull \hbox (badness 10000) in alignment at lines 12--12
[]
 []


Underfull \hbox (badness 10000) in alignment at lines 12--12
[]
 []


Underfull \hbox (badness 10000) in alignment at lines 12--12
[]
 []


Underfull \hbox (badness 10000) in alignment at lines 12--14
[]
 []


Package longtable Warning: Column widths have changed
(longtable)                in table 57 on input line 14.


LaTeX Warning: Reference `sect:descscr' on page 79 undefined on input line 33.


Underfull \hbox (badness 10000) in alignment at lines 48--48
[]
 []


Underfull \hbox (badness 10000) in alignment at lines 48--48
[]
 []


Underfull \hbox (badness 10000) in alignment at lines 48--48
[]
 []


Underfull \hbox (badness 10000) in alignment at lines 48--48
[]
 []


Underfull \hbox (badness 10000) in alignment at lines 48--57
[]
 []


Package longtable Warning: Column widths have changed
(longtable)                in table 58 on input line 57.


Overfull \vbox (24.64035pt too high) has occurred while \output is active []


[79

]

LaTeX Warning: Reference `sect:descints' on page 80 undefined on input line 70.



LaTeX Warning: Citation `Intech2011' on page 80 undefined on input line 80.


LaTeX Warning: Reference `sect:descints' on page 80 undefined on input line 106
.


LaTeX Warning: Reference `sect:descdepld' on page 80 undefined on input line 10
8.

[80]
Underfull \hbox (badness 10000) in alignment at lines 123--123
[]
 []


Underfull \hbox (badness 10000) in alignment at lines 123--123
[]
 []


Underfull \hbox (badness 10000) in alignment at lines 123--123
[]
 []


Underfull \hbox (badness 10000) in alignment at lines 123--123
[]
 []


Underfull \hbox (badness 10000) in alignment at lines 123--130
[]
 []


Package longtable Warning: Column widths have changed
(longtable)                in table 59 on input line 130.


LaTeX Warning: Citation `chambon' on page 81 undefined on input line 151.

[81]

LaTeX Warning: Reference `sect:descscr' on page 82 undefined on input line 171.



LaTeX Warning: Citation `Intech2011' on page 82 undefined on input line 174.


LaTeX Warning: Reference `sect:descscr' on page 82 undefined on input line 174.


[82]
Underfull \hbox (badness 10000) in alignment at lines 218--218
[]
 []


Underfull \hbox (badness 10000) in alignment at lines 218--218
[]
 []


Underfull \hbox (badness 10000) in alignment at lines 218--218
[]
 []


Underfull \hbox (badness 10000) in alignment at lines 218--218
[]
 []


Underfull \hbox (badness 10000) in alignment at lines 218--225
[]
 []


Package longtable Warning: Column widths have changed
(longtable)                in table 60 on input line 225.

[83]

LaTeX Warning: Reference `figNCRGRIDINS' on page 84 undefined on input line 309
.


LaTeX Warning: Reference `figNCRGRIDTA' on page 84 undefined on input line 309.



LaTeX Warning: Reference `figNCRGRIDINS' on page 84 undefined on input line 310
.


LaTeX Warning: Reference `figNCRGRIDTA' on page 84 undefined on input line 310.


[84]

LaTeX Warning: Reference `figNCRPLANEINS' on page 85 undefined on input line 31
2.


LaTeX Warning: Reference `figNCRPLANETA' on page 85 undefined on input line 312
.


LaTeX Warning: Reference `figNCRPLANEINS' on page 85 undefined on input line 31
2.


LaTeX Warning: Reference `figNCRPLANETA' on page 85 undefined on input line 312
.


Overfull \hbox (0.42252pt too wide) in paragraph at lines 314--314
[]$\OML/cmm/m/it/10 f \OT1/cmr/m/n/10 = \OML/cmm/m/it/10 f\OT1/cmr/m/n/10 (\OML
/cmm/m/it/10 V[]; V\OT1/cmr/m/n/10 ) [] \OMS/cmsy/m/n/10 ^^Y  []\OML/cmm/m/it/1
0 f\OT1/cmr/m/n/10 (\OML/cmm/m/it/10 V[]; V[]\OT1/cmr/m/n/10 ) + (\OML/cmm/m/it
/10 f\OT1/cmr/m/n/10 (\OML/cmm/m/it/10 V[]; V[]\OT1/cmr/m/n/10 ) \OMS/cmsy/m/n/
10 ^^@ \OML/cmm/m/it/10 f\OT1/cmr/m/n/10 (\OML/cmm/m/it/10 V[]; V[]\OT1/cmr/m/n
/10 )) + (\OML/cmm/m/it/10 f\OT1/cmr/m/n/10 (\OML/cmm/m/it/10 V[]; V[]\OT1/cmr/
m/n/10 ) \OMS/cmsy/m/n/10 ^^@ \OML/cmm/m/it/10 f\OT1/cmr/m/n/10 (\OML/cmm/m/it/
10 V[]; V[]\OT1/cmr/m/n/10 )) = \OML/cmm/m/it/10 f\OT1/cmr/m/n/10 (\OML/cmm/m/i
t/10 V[]; V[]\OT1/cmr/m/n/10 ) +
 []


LaTeX Warning: Reference `figNCRAXEINS' on page 85 undefined on input line 317.



LaTeX Warning: Reference `figNCRAXETA' on page 85 undefined on input line 317.


LaTeX Warning: Reference `figNCRAXEINS' on page 85 undefined on input line 317.



LaTeX Warning: Reference `figNCRAXETA' on page 85 undefined on input line 317.


LaTeX Warning: Reference `figNCRAXEINSbis' on page 85 undefined on input line 3
20.


LaTeX Warning: Reference `figNCRPLAXINS' on page 85 undefined on input line 322
.


LaTeX Warning: Reference `figNCRPLAXTA' on page 85 undefined on input line 322.



LaTeX Warning: Reference `figNCRPLAXINSbis' on page 85 undefined on input line 
325.

[85]

LaTeX Warning: Reference `figNCRGRIDINS' on page 86 undefined on input line 353
.


Underfull \hbox (badness 10000) in paragraph at lines 353--354
[]\OT1/cmr/m/n/10 GRID
 []


LaTeX Warning: Reference `figNCRPLANEINS' on page 86 undefined on input line 37
4.


Underfull \hbox (badness 10000) in paragraph at lines 374--374
[]\OT1/cmr/m/n/10 PLANE
 []


LaTeX Warning: Reference `figNCRAXEINS' on page 86 undefined on input line 413.


[86

]

LaTeX Warning: Reference `figNCRPLAXINS' on page 87 undefined on input line 448
.


LaTeX Warning: Reference `figNCRGRIDTA' on page 87 undefined on input line 505.



Underfull \hbox (badness 10000) in paragraph at lines 505--505
[]\OT1/cmr/m/n/10 GRID
 []


LaTeX Warning: Reference `figNCRPLANETA' on page 87 undefined on input line 525
.


Underfull \hbox (badness 10000) in paragraph at lines 525--525
[]\OT1/cmr/m/n/10 PLANE
 []

[87]

LaTeX Warning: Reference `figNCRAXETA' on page 88 undefined on input line 556.


LaTeX Warning: Reference `figNCRPLAXTA' on page 88 undefined on input line 590.


[88]) (./SectAFM.tex

LaTeX Warning: Citation `sissaoui' on page 89 undefined on input line 5.


LaTeX Warning: Citation `dragstruc' on page 89 undefined on input line 7.


Underfull \hbox (badness 10000) in alignment at lines 21--21
[]
 []


Underfull \hbox (badness 10000) in alignment at lines 21--21
[]
 []


Underfull \hbox (badness 10000) in alignment at lines 21--21
[]
 []


Underfull \hbox (badness 10000) in alignment at lines 21--21
[]
 []


Underfull \hbox (badness 10000) in alignment at lines 21--25
[]
 []


Package longtable Warning: Column widths have changed
(longtable)                in table 63 on input line 25.


Underfull \hbox (badness 10000) in alignment at lines 50--50
[]
 []


Underfull \hbox (badness 10000) in alignment at lines 50--50
[]
 []


Underfull \hbox (badness 10000) in alignment at lines 50--50
[]
 []


Underfull \hbox (badness 10000) in alignment at lines 50--50
[]
 []


Underfull \hbox (badness 10000) in alignment at lines 50--72
[]
 []


Package longtable Warning: Column widths have changed
(longtable)                in table 64 on input line 72.

[89

] [90]
Overfull \hbox (6.21451pt too wide) in paragraph at lines 188--191
[]\OT1/cmr/m/n/10 keyword used to spec-ify that the Nep-tu-nium con-cen-tra-tio
ns as com-puted with DRAGON
 []

[91]

LaTeX Warning: Reference `tabAFM' on page 92 undefined on input line 222.


Underfull \hbox (badness 10000) in paragraph at lines 240--240
[]|\OT1/cmr/m/n/10 MAP with-out
 []


Underfull \hbox (badness 10000) in paragraph at lines 240--240
\OT1/cmr/m/n/10 lo-cal pa-ram-e-
 []


LaTeX Warning: `!h' float specifier changed to `!ht'.

[92] [93]) (./SectT16CPO.tex

LaTeX Warning: Citation `Griffiths94' on page 94 undefined on input line 4.


Underfull \hbox (badness 10000) in alignment at lines 32--32
[]
 []


Underfull \hbox (badness 10000) in alignment at lines 32--32
[]
 []


Underfull \hbox (badness 10000) in alignment at lines 32--32
[]
 []


Underfull \hbox (badness 10000) in alignment at lines 32--32
[]
 []


Underfull \hbox (badness 10000) in alignment at lines 32--34
[]
 []


Package longtable Warning: Column widths have changed
(longtable)                in table 66 on input line 34.

[94

]
Underfull \hbox (badness 10000) in alignment at lines 79--79
[]
 []


Underfull \hbox (badness 10000) in alignment at lines 79--79
[]
 []


Underfull \hbox (badness 10000) in alignment at lines 79--79
[]
 []


Underfull \hbox (badness 10000) in alignment at lines 79--79
[]
 []


Underfull \hbox (badness 10000) in alignment at lines 79--91
[]
 []


Package longtable Warning: Column widths have changed
(longtable)                in table 67 on input line 91.

[95]

LaTeX Warning: Citation `Donnelly97a' on page 96 undefined on input line 171.


LaTeX Warning: Citation `Donnelly97a' on page 96 undefined on input line 185.

[96] [97]) (./SectD2P.tex

LaTeX Warning: Citation `PARCS' on page 98 undefined on input line 3.


LaTeX Warning: Citation `GENPMAXS' on page 98 undefined on input line 21.

[98

]

LaTeX Warning: Citation `GENPMAXS' on page 99 undefined on input line 56.


LaTeX Warning: Citation `GENPMAXS' on page 99 undefined on input line 60.

[99]
Overfull \hbox (42.11684pt too wide) in paragraph at lines 153--154
\OT1/cmr/m/n/10 This block con-tains the nec-es-sary in-for-ma-tion for 1 bur-n
up point and for each en-ergy group \OT1/cmtt/m/n/10 Chi,inV/YLD/Bet/Lam/[]\OT1
/cmr/m/n/10 . 
 []


Overfull \hbox (9.1472pt too wide) in paragraph at lines 163--197
[] 
 []

[100]
Underfull \hbox (badness 10000) in alignment at lines 216--216
[]
 []


Underfull \hbox (badness 10000) in alignment at lines 216--216
[]
 []


Underfull \hbox (badness 10000) in alignment at lines 216--216
[]
 []


Underfull \hbox (badness 10000) in alignment at lines 216--216
[]
 []


Underfull \hbox (badness 10000) in alignment at lines 216--225
[]
 []


Package longtable Warning: Column widths have changed
(longtable)                in table 68 on input line 225.

[101]
Underfull \hbox (badness 10000) in alignment at lines 260--260
[]
 []


Underfull \hbox (badness 10000) in alignment at lines 260--260
[]
 []


Underfull \hbox (badness 10000) in alignment at lines 260--260
[]
 []


Underfull \hbox (badness 10000) in alignment at lines 260--260
[]
 []


Underfull \hbox (badness 10000) in alignment at lines 260--290
[]
 []


Underfull \hbox (badness 10000) in alignment at lines 290--302
[]
 []


Package longtable Warning: Column widths have changed
(longtable)                in table 69 on input line 302.

[102] [103] [104] [105]

LaTeX Warning: Citation `GENPMAXS' on page 106 undefined on input line 431.


LaTeX Warning: Citation `GENPMAXS' on page 106 undefined on input line 456.


LaTeX Warning: Citation `GENPMAXS' on page 106 undefined on input line 476.


Overfull \hbox (18.54796pt too wide) in paragraph at lines 482--484
[]\OT1/cmr/m/n/10 starting po-si-tion of first row rods (cm), i.e. wa-ter gap t
hick-ness. By de-fault, \OT1/cmr/m/sl/10 ybe[]\OT1/cmr/m/n/10 =7.21350E-
 []


LaTeX Warning: Citation `GENPMAXS' on page 106 undefined on input line 485.

[106]
Overfull \hbox (40.90666pt too wide) in paragraph at lines 498--499
[]\OT1/cmtt/m/n/10 character*16 \OT1/cmr/m/n/10 name of the PMAXS file cre-ated
 by the \OT1/cmtt/m/n/10 D2P:[] \OT1/cmr/m/n/10 mod-ule. De-fault: \OT1/cmr/m/s
l/10 jobtit[]\OT1/cmr/m/n/10 ='\OT1/cmtt/m/n/10 D2P.PMAX[]\OT1/cmr/m/n/10 ' 
 []


LaTeX Warning: Citation `GENPMAXS' on page 107 undefined on input line 516.

[107]

LaTeX Warning: Citation `GENPMAXS' on page 108 undefined on input line 557.


LaTeX Warning: Citation `GENPMAXS' on page 108 undefined on input line 559.


LaTeX Warning: Citation `GENPMAXS' on page 108 undefined on input line 561.

[108])
Section  5.
(./SectTHM.tex

LaTeX Warning: Citation `freesteam' on page 109 undefined on input line 9.


LaTeX Warning: Citation `jenslottes' on page 109 undefined on input line 11.


LaTeX Warning: Citation `bowring' on page 109 undefined on input line 11.


Underfull \hbox (badness 10000) in alignment at lines 23--23
[]
 []


Underfull \hbox (badness 10000) in alignment at lines 23--23
[]
 []


Underfull \hbox (badness 10000) in alignment at lines 23--23
[]
 []


Underfull \hbox (badness 10000) in alignment at lines 23--23
[]
 []


Underfull \hbox (badness 10000) in alignment at lines 23--26
[]
 []


Package longtable Warning: Column widths have changed
(longtable)                in table 70 on input line 26.


Underfull \hbox (badness 10000) in alignment at lines 49--49
[]
 []


Underfull \hbox (badness 10000) in alignment at lines 49--49
[]
 []


Underfull \hbox (badness 10000) in alignment at lines 49--49
[]
 []


Underfull \hbox (badness 10000) in alignment at lines 49--49
[]
 []


Underfull \hbox (badness 10000) in alignment at lines 49--67
[]
 []


Package longtable Warning: Column widths have changed
(longtable)                in table 71 on input line 67.

[109


] [110]

LaTeX Font Warning: Command \sl invalid in math mode on input line 117.


LaTeX Font Warning: Command \sl invalid in math mode on input line 117.

[111]

LaTeX Warning: Citation `Rowlands' on page 112 undefined on input line 213.

[112]
Overfull \hbox (18.11731pt too wide) in paragraph at lines 235--237
[]\OT1/cmr/m/n/10 integer value set to the num-ber of dis-creti-sa-tion points 
in the whole pin-cell (fuel+cladding).
 []


LaTeX Warning: Citation `jenslottes' on page 113 undefined on input line 241.


LaTeX Warning: Citation `bowring' on page 113 undefined on input line 241.


LaTeX Warning: Citation `lahey' on page 113 undefined on input line 243.

[113])
Section  6.

LaTeX Warning: Citation `optex1' on page 114 undefined on input line 61.


LaTeX Warning: Citation `optex2' on page 114 undefined on input line 61.


LaTeX Warning: Citation `PIP2009' on page 114 undefined on input line 62.

(./SectDLEAK.tex
Underfull \hbox (badness 10000) in alignment at lines 14--14
[]
 []


Underfull \hbox (badness 10000) in alignment at lines 14--14
[]
 []


Underfull \hbox (badness 10000) in alignment at lines 14--14
[]
 []


Underfull \hbox (badness 10000) in alignment at lines 14--14
[]
 []


Underfull \hbox (badness 10000) in alignment at lines 14--16
[]
 []


Package longtable Warning: Column widths have changed
(longtable)                in table 72 on input line 16.


LaTeX Warning: Reference `sect:dleak_data' on page 114 undefined on input line 
27.


LaTeX Warning: Reference `sect:dleak_data' on page 114 undefined on input line 
32.


Underfull \hbox (badness 10000) in alignment at lines 40--40
[]
 []


Underfull \hbox (badness 10000) in alignment at lines 40--40
[]
 []


Underfull \hbox (badness 10000) in alignment at lines 40--40
[]
 []


Underfull \hbox (badness 10000) in alignment at lines 40--40
[]
 []


Underfull \hbox (badness 10000) in alignment at lines 40--47
[]
 []


Package longtable Warning: Column widths have changed
(longtable)                in table 73 on input line 47.


Overfull \vbox (4.25728pt too high) has occurred while \output is active []


[114


] [115]) (./SectGRAD.tex

LaTeX Font Warning: Command \sl invalid in math mode on input line 13.


Underfull \hbox (badness 10000) in alignment at lines 25--25
[]
 []


Underfull \hbox (badness 10000) in alignment at lines 25--25
[]
 []


Underfull \hbox (badness 10000) in alignment at lines 25--25
[]
 []


Underfull \hbox (badness 10000) in alignment at lines 25--25
[]
 []


Underfull \hbox (badness 10000) in alignment at lines 25--27
[]
 []


Package longtable Warning: Column widths have changed
(longtable)                in table 74 on input line 27.


LaTeX Warning: Reference `sect:grad_data' on page 116 undefined on input line 4
2.


Underfull \hbox (badness 10000) in alignment at lines 49--49
[]
 []


Underfull \hbox (badness 10000) in alignment at lines 49--49
[]
 []


Underfull \hbox (badness 10000) in alignment at lines 49--49
[]
 []


Underfull \hbox (badness 10000) in alignment at lines 49--49
[]
 []


Underfull \hbox (badness 10000) in alignment at lines 49--64
[]
 []


Package longtable Warning: Column widths have changed
(longtable)                in table 75 on input line 64.

[116

]

LaTeX Warning: Citation `ferland' on page 117 undefined on input line 82.

[117] [118] [119]) (./SectPLQ.tex
Underfull \hbox (badness 10000) in alignment at lines 11--11
[]
 []


Underfull \hbox (badness 10000) in alignment at lines 11--11
[]
 []


Underfull \hbox (badness 10000) in alignment at lines 11--11
[]
 []


Underfull \hbox (badness 10000) in alignment at lines 11--11
[]
 []


Underfull \hbox (badness 10000) in alignment at lines 11--13
[]
 []


Package longtable Warning: Column widths have changed
(longtable)                in table 76 on input line 13.


LaTeX Warning: Reference `sect:plq_data' on page 120 undefined on input line 22
.


Underfull \hbox (badness 10000) in alignment at lines 29--29
[]
 []


Underfull \hbox (badness 10000) in alignment at lines 29--29
[]
 []


Underfull \hbox (badness 10000) in alignment at lines 29--29
[]
 []


Underfull \hbox (badness 10000) in alignment at lines 29--29
[]
 []


Underfull \hbox (badness 10000) in alignment at lines 29--36
[]
 []


Package longtable Warning: Column widths have changed
(longtable)                in table 77 on input line 36.

[120

] [121])
Section  7.

LaTeX Warning: Citation `Chambon2014' on page 122 undefined on input line 73.


LaTeX Warning: Citation `Fliscounakis2011' on page 122 undefined on input line 
73.

(./SectNAP.tex

LaTeX Warning: Citation `Chambon2014' on page 122 undefined on input line 4.


LaTeX Warning: Citation `Fliscounakis2011' on page 122 undefined on input line 
4.


Underfull \hbox (badness 10000) in alignment at lines 6--6
[]
 []


Underfull \hbox (badness 10000) in alignment at lines 6--6
[]
 []


Underfull \hbox (badness 10000) in alignment at lines 6--6
[]
 []


Underfull \hbox (badness 10000) in alignment at lines 6--6
[]
 []


Underfull \hbox (badness 10000) in alignment at lines 6--10
[]
 []


Package longtable Warning: Column widths have changed
(longtable)                in table 78 on input line 10.


LaTeX Warning: Reference `sect:descnap1' on page 122 undefined on input line 44
.


LaTeX Warning: Reference `sect:descnap2' on page 122 undefined on input line 47
.


LaTeX Warning: Reference `sect:descnap3' on page 122 undefined on input line 50
.

[122


]
Underfull \hbox (badness 10000) in alignment at lines 56--56
[]
 []


Underfull \hbox (badness 10000) in alignment at lines 56--56
[]
 []


Underfull \hbox (badness 10000) in alignment at lines 56--56
[]
 []


Underfull \hbox (badness 10000) in alignment at lines 56--56
[]
 []


Underfull \hbox (badness 10000) in alignment at lines 56--63
[]
 []


Package longtable Warning: Column widths have changed
(longtable)                in table 79 on input line 63.


Underfull \hbox (badness 10000) in alignment at lines 99--99
[]
 []


Underfull \hbox (badness 10000) in alignment at lines 99--99
[]
 []


Underfull \hbox (badness 10000) in alignment at lines 99--99
[]
 []


Underfull \hbox (badness 10000) in alignment at lines 99--99
[]
 []


Underfull \hbox (badness 10000) in alignment at lines 99--108
[]
 []

[123]

Package longtable Warning: Column widths have changed
(longtable)                in table 80 on input line 108.


LaTeX Warning: Reference `sect:descnap1' on page 124 undefined on input line 13
8.

[124]
Underfull \hbox (badness 10000) in alignment at lines 150--150
[]
 []


Underfull \hbox (badness 10000) in alignment at lines 150--150
[]
 []


Underfull \hbox (badness 10000) in alignment at lines 150--150
[]
 []


Underfull \hbox (badness 10000) in alignment at lines 150--150
[]
 []


Underfull \hbox (badness 10000) in alignment at lines 150--158
[]
 []


Package longtable Warning: Column widths have changed
(longtable)                in table 81 on input line 158.

[125

] [126])) (./Structure.tex
Section  8.

LaTeX Warning: Reference `sect:dat' on page 127 undefined on input line 6.

(./SectDFMAP.tex [127

]
Underfull \hbox (badness 3758) in paragraph at lines 101--102
[]|\OT1/cmr/m/n/10 Signature of the /fmap/[] data struc-ture
 []


LaTeX Warning: Reference `sect:fmapdirass' on page 128 undefined on input line 
150.


Overfull \hbox (15.21365pt too wide) in alignment at lines 97--184
[] [] [] [] []
 []

LaTeX Font Info:    Font shape `OMS/cmr/m/sl' in size <10> not available
(Font)              Font shape `OMS/cmsy/m/n' tried instead on input line 218.
LaTeX Font Info:    Try loading font information for OMS+cmtt on input line 250
.
LaTeX Font Info:    No file OMScmtt.fd. on input line 250.

LaTeX Font Warning: Font shape `OMS/cmtt/m/n' undefined
(Font)              using `OMS/cmsy/m/n' instead
(Font)              for symbol `textbraceleft' on input line 250.


Overfull \hbox (15.21365pt too wide) in alignment at lines 184--258
[] [] [] [] []
 []

[128]

Package longtable Warning: Column widths have changed
(longtable)                in table 82 on input line 258.

[129] [130]

Package longtable Warning: Column widths have changed
(longtable)                in table 83 on input line 317.


Underfull \hbox (badness 1331) in paragraph at lines 330--331
[]|\OT1/cmr/m/n/10 Depletion time cor-re-spond-ing to in-stan-ta-
 []


Package longtable Warning: Column widths have changed
(longtable)                in table 84 on input line 353.


Overfull \hbox (4.05852pt too wide) in paragraph at lines 383--384
[][]| 
 []

[131]

Package longtable Warning: Column widths have changed
(longtable)                in table 85 on input line 400.


Overfull \hbox (16.77301pt too wide) in alignment at lines 404--425
[] [] [] [] []
 []


Package longtable Warning: Column widths have changed
(longtable)                in table 86 on input line 425.

[132]) (./SectMATEX.tex
Underfull \hbox (badness 2073) in paragraph at lines 55--56
[]|\OT1/cmr/m/n/10 Signature of the /ma-tex/[] data struc-ture
 []

[133]

Package longtable Warning: Column widths have changed
(longtable)                in table 87 on input line 106.

[134]) (./SectDEVICE.tex
Underfull \hbox (badness 2073) in paragraph at lines 50--51
[]|\OT1/cmr/m/n/10 Signature of the /de-vice/[] data struc-ture
 []


Package longtable Warning: Column widths have changed
(longtable)                in table 88 on input line 76.

[135

]

Package longtable Warning: Column widths have changed
(longtable)                in table 89 on input line 149.

[136]

Package longtable Warning: Column widths have changed
(longtable)                in table 90 on input line 171.

[137]

Package longtable Warning: Column widths have changed
(longtable)                in table 91 on input line 230.


Package longtable Warning: Column widths have changed
(longtable)                in table 92 on input line 252.

) (./SectDDETECT.tex [138]
Underfull \hbox (badness 2150) in paragraph at lines 53--54
[]|\OT1/cmr/m/n/10 Signature of the /de-tect/[] data struc-ture
 []


Package longtable Warning: Column widths have changed
(longtable)                in table 93 on input line 64.

[139]

Package longtable Warning: Column widths have changed
(longtable)                in table 94 on input line 99.


Package longtable Warning: Column widths have changed
(longtable)                in table 95 on input line 122.

[140]) (./SectPOWER.tex
Underfull \hbox (badness 2384) in paragraph at lines 41--42
[]|\OT1/cmr/m/n/10 Signature of the /power/[] data struc-ture
 []


Underfull \hbox (badness 1721) in paragraph at lines 95--96
[]|\OT1/cmr/m/n/10 The ra-dial power-form fac-tor, de-fined as
 []


Underfull \hbox (badness 1019) in paragraph at lines 99--100
[]|\OT1/cmr/m/n/10 The over-all power-form fac-tor, de-fined as
 []


Overfull \hbox (37.76161pt too wide) in alignment at lines 38--104
[] [] [] [] []
 []


Package longtable Warning: Column widths have changed
(longtable)                in table 96 on input line 104.

[141

] [142]) (./SectDHST.tex

Package longtable Warning: Column widths have changed
(longtable)                in table 97 on input line 41.

[143

]

LaTeX Warning: Citation `Marleau2004a' on page 144 undefined on input line 75.


Package longtable Warning: Column widths have changed
(longtable)                in table 98 on input line 106.


Overfull \vbox (18.14844pt too high) has occurred while \output is active []


[144]

Package longtable Warning: Column widths have changed
(longtable)                in table 99 on input line 136.

[145]) (./SectDTHM.tex

Package longtable Warning: Column widths have changed
(longtable)                in table 100 on input line 61.

[146

]
Overfull \hbox (36.49237pt too wide) detected at line 95
$ []$ 
 []


Overfull \hbox (19.35358pt too wide) detected at line 104
$ []$ 
 []


Overfull \hbox (21.29802pt too wide) detected at line 113
$ []$ 
 []

[147] [148]

Package longtable Warning: Column widths have changed
(longtable)                in table 101 on input line 173.


Package longtable Warning: Column widths have changed
(longtable)                in table 102 on input line 208.

) (./SectDOPTIMIZE.tex [149

] [150]

Package longtable Warning: Column widths have changed
(longtable)                in table 103 on input line 139.


Overfull \hbox (10.02968pt too wide) in paragraph at lines 144--150
[][] 
 []

[151]

Package longtable Warning: Column widths have changed
(longtable)                in table 104 on input line 213.


Overfull \vbox (15.32031pt too high) has occurred while \output is active []


[152]) (./SectDD2P.tex [153]

Package longtable Warning: Column widths have changed
(longtable)                in table 105 on input line 107.


Underfull \hbox (badness 10000) in paragraph at lines 131--132
[]|\OT1/cmr/m/n/10 Correspondance of in-dices be-tween
 []


Underfull \hbox (badness 5533) in paragraph at lines 131--132
\OT1/cmr/m/n/10 SAP/MCO and GenPMAXS state vari-
 []


Package longtable Warning: Column widths have changed
(longtable)                in table 106 on input line 157.

[154

]

Package longtable Warning: Column widths have changed
(longtable)                in table 107 on input line 172.

[155]

Package longtable Warning: Column widths have changed
(longtable)                in table 108 on input line 199.


LaTeX Warning: Citation `GENPMAXS' on page 156 undefined on input line 229.


LaTeX Warning: Citation `GENPMAXS' on page 156 undefined on input line 233.


Package longtable Warning: Column widths have changed
(longtable)                in table 109 on input line 235.

[156]

Package longtable Warning: Column widths have changed
(longtable)                in table 110 on input line 271.


Underfull \hbox (badness 6032) in paragraph at lines 275--275
[]\OT1/cmr/m/n/10 Table 111: Records and sub-directories in sub-directory
 []


Overfull \hbox (16.23093pt too wide) in alignment at lines 275--326
[] [] [] [] []
 []


Package longtable Warning: Column widths have changed
(longtable)                in table 111 on input line 326.

[157]

Package longtable Warning: Column widths have changed
(longtable)                in table 112 on input line 340.

Missing character: There is no  in font cmr10!
Missing character: There is no  in font cmr10!
Missing character: There is no  in font cmr10!

Overfull \hbox (6.66238pt too wide) in alignment at lines 344--388
[] [] [] [] []
 []


Package longtable Warning: Column widths have changed
(longtable)                in table 113 on input line 388.

[158]

Package longtable Warning: Column widths have changed
(longtable)                in table 114 on input line 409.


Package longtable Warning: Column widths have changed
(longtable)                in table 115 on input line 428.

)) (./Exampl.tex [159]
Section  9.
Package epstopdf Info: Source file: <Figures/FaceView.eps>
(epstopdf)                    date: 2014-12-17 17:43:02
(epstopdf)                    size: 59382253 bytes
(epstopdf)             Output file: <Figures/FaceView-eps-converted-to.pdf>
(epstopdf)             Command: <repstopdf --outfile=Figures/FaceView-eps-conve
rted-to.pdf Figures/FaceView.eps>
(epstopdf)             \includegraphics on input line 10.
runsystem(repstopdf --outfile=Figures/FaceView-eps-converted-to.pdf Figures/Fac
eView.eps)...executed safely (allowed).

Package epstopdf Info: Result file: <Figures/FaceView-eps-converted-to.pdf>
(epstopdf)                    date: 2016-05-04 17:53:08
(epstopdf)                    size: 202891 bytes.
<Figures/FaceView-eps-converted-to.pdf, id=1112, 2395.95125pt x 3070.47125pt>
File: Figures/FaceView-eps-converted-to.pdf Graphic file (type pdf)

<use Figures/FaceView-eps-converted-to.pdf>
Package pdftex.def Info: Figures/FaceView-eps-converted-to.pdf used on input li
ne 10.
(pdftex.def)             Requested size: 287.50174pt x 368.44066pt.
 [160

 <./Figures/FaceView-eps-converted-to.pdf>]
! I can't find file `Example1.x2m'.
\listing ...m\begingroup \setupverbatim \input #1 
                                                  \endgroup 
l.28 \listing{Example1.x2m}
                           
(Press Enter to retry, or Control-D to exit)
Please type another input file name: ^^[[A
! I can't find file `^^[[A'.
\listing ...m\begingroup \setupverbatim \input #1 
                                                  \endgroup 
l.28 \listing{Example1.x2m}
                           
(Press Enter to retry, or Control-D to exit)
Please type another input file name: 
! I can't find file `^^[[A'.
\listing ...m\begingroup \setupverbatim \input #1 
                                                  \endgroup 
l.28 \listing{Example1.x2m}
                           
(Press Enter to retry, or Control-D to exit)
Please type another input file name: x
(/usr/share/texmf/tex/latex/tools/x.tex
! Undefined control sequence.
l.2 %% This is file `
                     x.tex',
? x
 
Here is how much of TeX's memory you used:
 6679 strings out of 493315
 95140 string characters out of 6145893
 196394 words of memory out of 5000000
 9456 multiletter control sequences out of 15000+600000
 9925 words of font info for 36 fonts, out of 8000000 for 9000
 957 hyphenation exceptions out of 8191
 41i,12n,31p,964b,535s stack positions out of 5000i,500n,10000p,200000b,80000s
</usr/share/texmf/fonts/type1/public/amsfonts/cm/cmbx10.pfb></usr/share/texmf/f
onts/type1/public/amsfonts/cm/cmbx12.pfb></usr/share/texmf/fonts/type1/public/a
msfonts/cm/cmbx7.pfb></usr/share/texmf/fonts/type1/public/amsfonts/cm/cmbxsl10.
pfb></usr/share/texmf/fonts/type1/public/amsfonts/cm/cmcsc10.pfb></usr/share/te
xmf/fonts/type1/public/amsfonts/cm/cmex10.pfb></usr/share/texmf/fonts/type1/pub
lic/amsfonts/cm/cmitt10.pfb></usr/share/texmf/fonts/type1/public/amsfonts/cm/cm
mi10.pfb></usr/share/texmf/fonts/type1/public/amsfonts/cm/cmmi5.pfb></usr/share
/texmf/fonts/type1/public/amsfonts/cm/cmmi7.pfb></usr/share/texmf/fonts/type1/p
ublic/amsfonts/cm/cmr10.pfb></usr/share/texmf/fonts/type1/public/amsfonts/cm/cm
r5.pfb></usr/share/texmf/fonts/type1/public/amsfonts/cm/cmr7.pfb></usr/share/te
xmf/fonts/type1/public/amsfonts/cm/cmsl10.pfb></usr/share/texmf/fonts/type1/pub
lic/amsfonts/cm/cmsl9.pfb></usr/share/texmf/fonts/type1/public/amsfonts/cm/cmsl
tt10.pfb></usr/share/texmf/fonts/type1/public/amsfonts/cm/cmss10.pfb></usr/shar
e/texmf/fonts/type1/public/amsfonts/cm/cmsy10.pfb></usr/share/texmf/fonts/type1
/public/amsfonts/cm/cmsy5.pfb></usr/share/texmf/fonts/type1/public/amsfonts/cm/
cmsy7.pfb></usr/share/texmf/fonts/type1/public/amsfonts/cm/cmti10.pfb></usr/sha
re/texmf/fonts/type1/public/amsfonts/cm/cmti7.pfb></usr/share/texmf/fonts/type1
/public/amsfonts/cm/cmtt10.pfb>
Output written on IGE344.pdf (164 pages, 1230961 bytes).
PDF statistics:
 1295 PDF objects out of 1440 (max. 8388607)
 1012 compressed objects within 11 object streams
 450 named destinations out of 1000 (max. 500000)
 66 words of extra memory for PDF output out of 10000 (max. 10000000)

